<?xml version="1.0" encoding="UTF-8"?>
<robot generator="Robot 6.0.1 (Python 3.9.12 on linux)" generated="20230106 09:41:52.210" rpa="false" schemaversion="3">
<suite id="s1" name="Test Requests" source="/home/vtn-thaontv/workspace/AutoTesting/Robot Framework/API testing/test/test_requests.robot">
<test id="s1-t1" name="Get Request" line="7">
<kw name="GET" library="RequestsLibrary">
<var>${resp}</var>
<arg>http://171.244.173.203/xsign-admin</arg>
<doc>Sends a GET request.</doc>
<msg timestamp="20230106 09:41:52.280" level="INFO">GET Request : url=http://171.244.173.203/xsign-admin 
 path_url=/xsign-admin 
 headers={'User-Agent': 'python-requests/2.27.1', 'Accept-Encoding': 'gzip, deflate, br', 'Accept': '*/*', 'Connection': 'keep-alive'} 
 body=None 
 </msg>
<msg timestamp="20230106 09:41:52.280" level="INFO">GET Response : url=http://171.244.173.203/xsign-admin 
 status=200, reason=OK 
 headers={'Date': 'Fri, 06 Jan 2023 02:41:52 GMT', 'Content-Type': 'text/html', 'Content-Length': '3992', 'Last-Modified': 'Thu, 10 Feb 2022 10:05:39 GMT', 'ETag': '"6204e373-f98"', 'Accept-Ranges': 'bytes', 'X-Cache': 'MISS from proxy-vtnet', 'X-Cache-Lookup': 'MISS from proxy-vtnet:3128', 'Via': '1.1 proxy-vtnet (squid/4.9)', 'Connection': 'keep-alive'} 
 body=&lt;!doctype html&gt;&lt;html lang="en"&gt;&lt;head&gt;&lt;meta charset="utf-8"/&gt;&lt;link rel="icon" href="/xsign-admin/logo-xsign.png"/&gt;&lt;meta name="viewport" content="width=device-width,initial-scale=1"/&gt;&lt;meta name="theme-color" content="#000000"/&gt;&lt;meta name="description" content="Web site created using create-react-app"/&gt;&lt;link rel="apple-touch-icon" href="/xsign-admin/logo-xsign.png"/&gt;&lt;link rel="manifest" href="/xsign-admin/manifest.json"/&gt;&lt;link rel="stylesheet" href="https://unpkg.com/leaflet@1.7.1/dist/leaflet.css" integrity="sha512-xodZBNTC5n17Xt2atTPuE1HxjVMSvLVW9ocqUKLsCC5CXdbqCmblAshOMAS6/keqq/sMZMZ19scR4PsZChSR7A==" crossorigin=""/&gt;&lt;link href="https://api.mapbox.com/mapbox.js/plugins/leaflet-fullscreen/v1.0.1/leaflet.fullscreen.css" rel="stylesheet"/&gt;&lt;title&gt;Login - XSign Management&lt;/title&gt;&lt;link href="/xsign-admin/static/css/2.7224fdad.chunk.css" rel="stylesheet"&gt;&lt;link href="/xsign-admin/static/css/main.b0125404.chunk.css" rel="stylesheet"&gt;&lt;/head&gt;&lt;body&gt;&lt;noscript&gt;You need to enable JavaScript to run this app.&lt;/noscript&gt;&lt;div id="root"&gt;&lt;/div&gt;&lt;script&gt;!function(e){function r(r){for(var n,u,a=r[0],c=r[1],l=r[2],s=0,p=[];s&lt;a.length;s++)u=a[s],Object.prototype.hasOwnProperty.call(o,u)&amp;&amp;o[u]&amp;&amp;p.push(o[u][0]),o[u]=0;for(n in c)Object.prototype.hasOwnProperty.call(c,n)&amp;&amp;(e[n]=c[n]);for(f&amp;&amp;f(r);p.length;)p.shift()();return i.push.apply(i,l||[]),t()}function t(){for(var e,r=0;r&lt;i.length;r++){for(var t=i[r],n=!0,a=1;a&lt;t.length;a++){var c=t[a];0!==o[c]&amp;&amp;(n=!1)}n&amp;&amp;(i.splice(r--,1),e=u(u.s=t[0]))}return e}var n={},o={1:0},i=[];function u(r){if(n[r])return n[r].exports;var t=n[r]={i:r,l:!1,exports:{}};return e[r].call(t.exports,t,t.exports,u),t.l=!0,t.exports}u.e=function(e){var r=[],t=o[e];if(0!==t)if(t)r.push(t[2]);else{var n=new Promise((function(r,n){t=o[e]=[r,n]}));r.push(t[2]=n);var i,a=document.createElement("script");a.charset="utf-8",a.timeout=120,u.nc&amp;&amp;a.setAttribute("nonce",u.nc),a.src=function(e){return u.p+"static/js/"+({}[e]||e)+"."+{3:"b1c7d776"}[e]+".chunk.js"}(e);var c=new Error;i=function(r){a.onerror=a.onload=null,clearTimeout(l);var t=o[e];if(0!==t){if(t){var n=r&amp;&amp;("load"===r.type?"missing":r.type),i=r&amp;&amp;r.target&amp;&amp;r.target.src;c.message="Loading chunk "+e+" failed.\n("+n+": "+i+")",c.name="ChunkLoadError",c.type=n,c.request=i,t[1](c)}o[e]=void 0}};var l=setTimeout((function(){i({type:"timeout",target:a})}),12e4);a.onerror=a.onload=i,document.head.appendChild(a)}return Promise.all(r)},u.m=e,u.c=n,u.d=function(e,r,t){u.o(e,r)||Object.defineProperty(e,r,{enumerable:!0,get:t})},u.r=function(e){"undefined"!=typeof Symbol&amp;&amp;Symbol.toStringTag&amp;&amp;Object.defineProperty(e,Symbol.toStringTag,{value:"Module"}),Object.defineProperty(e,"__esModule",{value:!0})},u.t=function(e,r){if(1&amp;r&amp;&amp;(e=u(e)),8&amp;r)return e;if(4&amp;r&amp;&amp;"object"==typeof e&amp;&amp;e&amp;&amp;e.__esModule)return e;var t=Object.create(null);if(u.r(t),Object.defineProperty(t,"default",{enumerable:!0,value:e}),2&amp;r&amp;&amp;"string"!=typeof e)for(var n in e)u.d(t,n,function(r){return e[r]}.bind(null,n));return t},u.n=function(e){var r=e&amp;&amp;e.__esModule?function(){return e.default}:function(){return e};return u.d(r,"a",r),r},u.o=function(e,r){return Object.prototype.hasOwnProperty.call(e,r)},u.p="/xsign-admin/",u.oe=function(e){throw console.error(e),e};var a=this["webpackJsonpverify-sign-ui"]=this["webpackJsonpverify-sign-ui"]||[],c=a.push.bind(a);a.push=r,a=a.slice();for(var l=0;l&lt;a.length;l++)r(a[l]);var f=c;t()}([])&lt;/script&gt;&lt;script src="/xsign-admin/static/js/2.882b08fa.chunk.js"&gt;&lt;/script&gt;&lt;script src="/xsign-admin/static/js/main.209ccd60.chunk.js"&gt;&lt;/script&gt;&lt;/body&gt;&lt;script src="https://unpkg.com/leaflet@1.7.1/dist/leaflet.js" integrity="sha512-XQoYMqMTK8LvdxXYG3nZ448hOEQiglfqkJs1NOQV44cWnUrBc8PkAOcXy20w0vlaXaVUearIOBhiXZ5V3ynxwA==" crossorigin=""&gt;&lt;/script&gt;&lt;script src="https://api.mapbox.com/mapbox.js/plugins/leaflet-fullscreen/v1.0.1/Leaflet.fullscreen.min.js"&gt;&lt;/script&gt;&lt;script async defer="defer" src="https://maps.googleapis.com/maps/api/js?key=AIzaSECsV11t3FDisUFwLb5btHY-EWcP24uio&amp;callback=initMap"&gt;&lt;/script&gt;&lt;/html&gt; 
 </msg>
<msg timestamp="20230106 09:41:52.280" level="INFO">${resp} = &lt;Response [200]&gt;</msg>
<status status="PASS" starttime="20230106 09:41:52.267" endtime="20230106 09:41:52.280"/>
</kw>
<kw name="Status Should Be" library="RequestsLibrary">
<arg>OK</arg>
<arg>${resp}</arg>
<doc>Fails if response status code is different than the expected.</doc>
<status status="PASS" starttime="20230106 09:41:52.280" endtime="20230106 09:41:52.281"/>
</kw>
<tag>get</tag>
<status status="PASS" starttime="20230106 09:41:52.266" endtime="20230106 09:41:52.281"/>
</test>
<test id="s1-t2" name="Get Request On Session" line="13">
<kw name="Create Session" library="RequestsLibrary">
<arg>test_session</arg>
<arg>http://171.244.173.203/xsign-admin</arg>
<doc>Create Session: create a HTTP session to a server</doc>
<msg timestamp="20230106 09:41:52.281" level="INFO">Creating Session using : alias=test_session, url=http://171.244.173.203/xsign-admin, headers={},                     cookies={}, auth=None, timeout=None, proxies=None, verify=False,                     debug=0 </msg>
<status status="PASS" starttime="20230106 09:41:52.281" endtime="20230106 09:41:52.281"/>
</kw>
<kw name="GET On Session" library="RequestsLibrary">
<var>${resp}</var>
<arg>test_session</arg>
<arg>/login</arg>
<doc>Sends a GET request on a previously created HTTP Session.</doc>
<msg timestamp="20230106 09:41:52.290" level="INFO">GET Request : url=http://171.244.173.203/xsign-admin/login 
 path_url=/xsign-admin/login 
 headers={'User-Agent': 'python-requests/2.27.1', 'Accept-Encoding': 'gzip, deflate, br', 'Accept': '*/*', 'Connection': 'keep-alive'} 
 body=None 
 </msg>
<msg timestamp="20230106 09:41:52.290" level="INFO">GET Response : url=http://171.244.173.203/xsign-admin/login 
 status=200, reason=OK 
 headers={'Accept-Ranges': 'bytes', 'Content-Type': 'text/html', 'Date': 'Fri, 06 Jan 2023 02:13:21 GMT', 'ETag': '"6204e373-f98"', 'Last-Modified': 'Thu, 10 Feb 2022 10:05:39 GMT', 'Age': '1715', 'X-Cache': 'HIT from proxy-vtnet', 'X-Cache-Lookup': 'HIT from proxy-vtnet:3128', 'Transfer-Encoding': 'chunked', 'Via': '1.1 proxy-vtnet (squid/4.9)', 'Connection': 'keep-alive'} 
 body=&lt;!doctype html&gt;&lt;html lang="en"&gt;&lt;head&gt;&lt;meta charset="utf-8"/&gt;&lt;link rel="icon" href="/xsign-admin/logo-xsign.png"/&gt;&lt;meta name="viewport" content="width=device-width,initial-scale=1"/&gt;&lt;meta name="theme-color" content="#000000"/&gt;&lt;meta name="description" content="Web site created using create-react-app"/&gt;&lt;link rel="apple-touch-icon" href="/xsign-admin/logo-xsign.png"/&gt;&lt;link rel="manifest" href="/xsign-admin/manifest.json"/&gt;&lt;link rel="stylesheet" href="https://unpkg.com/leaflet@1.7.1/dist/leaflet.css" integrity="sha512-xodZBNTC5n17Xt2atTPuE1HxjVMSvLVW9ocqUKLsCC5CXdbqCmblAshOMAS6/keqq/sMZMZ19scR4PsZChSR7A==" crossorigin=""/&gt;&lt;link href="https://api.mapbox.com/mapbox.js/plugins/leaflet-fullscreen/v1.0.1/leaflet.fullscreen.css" rel="stylesheet"/&gt;&lt;title&gt;Login - XSign Management&lt;/title&gt;&lt;link href="/xsign-admin/static/css/2.7224fdad.chunk.css" rel="stylesheet"&gt;&lt;link href="/xsign-admin/static/css/main.b0125404.chunk.css" rel="stylesheet"&gt;&lt;/head&gt;&lt;body&gt;&lt;noscript&gt;You need to enable JavaScript to run this app.&lt;/noscript&gt;&lt;div id="root"&gt;&lt;/div&gt;&lt;script&gt;!function(e){function r(r){for(var n,u,a=r[0],c=r[1],l=r[2],s=0,p=[];s&lt;a.length;s++)u=a[s],Object.prototype.hasOwnProperty.call(o,u)&amp;&amp;o[u]&amp;&amp;p.push(o[u][0]),o[u]=0;for(n in c)Object.prototype.hasOwnProperty.call(c,n)&amp;&amp;(e[n]=c[n]);for(f&amp;&amp;f(r);p.length;)p.shift()();return i.push.apply(i,l||[]),t()}function t(){for(var e,r=0;r&lt;i.length;r++){for(var t=i[r],n=!0,a=1;a&lt;t.length;a++){var c=t[a];0!==o[c]&amp;&amp;(n=!1)}n&amp;&amp;(i.splice(r--,1),e=u(u.s=t[0]))}return e}var n={},o={1:0},i=[];function u(r){if(n[r])return n[r].exports;var t=n[r]={i:r,l:!1,exports:{}};return e[r].call(t.exports,t,t.exports,u),t.l=!0,t.exports}u.e=function(e){var r=[],t=o[e];if(0!==t)if(t)r.push(t[2]);else{var n=new Promise((function(r,n){t=o[e]=[r,n]}));r.push(t[2]=n);var i,a=document.createElement("script");a.charset="utf-8",a.timeout=120,u.nc&amp;&amp;a.setAttribute("nonce",u.nc),a.src=function(e){return u.p+"static/js/"+({}[e]||e)+"."+{3:"b1c7d776"}[e]+".chunk.js"}(e);var c=new Error;i=function(r){a.onerror=a.onload=null,clearTimeout(l);var t=o[e];if(0!==t){if(t){var n=r&amp;&amp;("load"===r.type?"missing":r.type),i=r&amp;&amp;r.target&amp;&amp;r.target.src;c.message="Loading chunk "+e+" failed.\n("+n+": "+i+")",c.name="ChunkLoadError",c.type=n,c.request=i,t[1](c)}o[e]=void 0}};var l=setTimeout((function(){i({type:"timeout",target:a})}),12e4);a.onerror=a.onload=i,document.head.appendChild(a)}return Promise.all(r)},u.m=e,u.c=n,u.d=function(e,r,t){u.o(e,r)||Object.defineProperty(e,r,{enumerable:!0,get:t})},u.r=function(e){"undefined"!=typeof Symbol&amp;&amp;Symbol.toStringTag&amp;&amp;Object.defineProperty(e,Symbol.toStringTag,{value:"Module"}),Object.defineProperty(e,"__esModule",{value:!0})},u.t=function(e,r){if(1&amp;r&amp;&amp;(e=u(e)),8&amp;r)return e;if(4&amp;r&amp;&amp;"object"==typeof e&amp;&amp;e&amp;&amp;e.__esModule)return e;var t=Object.create(null);if(u.r(t),Object.defineProperty(t,"default",{enumerable:!0,value:e}),2&amp;r&amp;&amp;"string"!=typeof e)for(var n in e)u.d(t,n,function(r){return e[r]}.bind(null,n));return t},u.n=function(e){var r=e&amp;&amp;e.__esModule?function(){return e.default}:function(){return e};return u.d(r,"a",r),r},u.o=function(e,r){return Object.prototype.hasOwnProperty.call(e,r)},u.p="/xsign-admin/",u.oe=function(e){throw console.error(e),e};var a=this["webpackJsonpverify-sign-ui"]=this["webpackJsonpverify-sign-ui"]||[],c=a.push.bind(a);a.push=r,a=a.slice();for(var l=0;l&lt;a.length;l++)r(a[l]);var f=c;t()}([])&lt;/script&gt;&lt;script src="/xsign-admin/static/js/2.882b08fa.chunk.js"&gt;&lt;/script&gt;&lt;script src="/xsign-admin/static/js/main.209ccd60.chunk.js"&gt;&lt;/script&gt;&lt;/body&gt;&lt;script src="https://unpkg.com/leaflet@1.7.1/dist/leaflet.js" integrity="sha512-XQoYMqMTK8LvdxXYG3nZ448hOEQiglfqkJs1NOQV44cWnUrBc8PkAOcXy20w0vlaXaVUearIOBhiXZ5V3ynxwA==" crossorigin=""&gt;&lt;/script&gt;&lt;script src="https://api.mapbox.com/mapbox.js/plugins/leaflet-fullscreen/v1.0.1/Leaflet.fullscreen.min.js"&gt;&lt;/script&gt;&lt;script async defer="defer" src="https://maps.googleapis.com/maps/api/js?key=AIzaSECsV11t3FDisUFwLb5btHY-EWcP24uio&amp;callback=initMap"&gt;&lt;/script&gt;&lt;/html&gt; 
 </msg>
<msg timestamp="20230106 09:41:52.290" level="INFO">${resp} = &lt;Response [200]&gt;</msg>
<status status="PASS" starttime="20230106 09:41:52.281" endtime="20230106 09:41:52.290"/>
</kw>
<kw name="Status Should Be" library="RequestsLibrary">
<arg>OK</arg>
<arg>${resp}</arg>
<doc>Fails if response status code is different than the expected.</doc>
<status status="PASS" starttime="20230106 09:41:52.290" endtime="20230106 09:41:52.291"/>
</kw>
<tag>get</tag>
<status status="PASS" starttime="20230106 09:41:52.281" endtime="20230106 09:41:52.291"/>
</test>
<status status="PASS" starttime="20230106 09:41:52.210" endtime="20230106 09:41:52.291"/>
</suite>
<statistics>
<total>
<stat pass="2" fail="0" skip="0">All Tests</stat>
</total>
<tag>
<stat pass="2" fail="0" skip="0">get</stat>
</tag>
<suite>
<stat pass="2" fail="0" skip="0" id="s1" name="Test Requests">Test Requests</stat>
</suite>
</statistics>
<errors>
</errors>
</robot>
