<?xml version="1.0" encoding="UTF-8"?>
<robot generator="Robot 6.0.2 (Python 3.9.12 on linux)" generated="20230203 14:41:23.776" rpa="false" schemaversion="3">
<suite id="s1" name="Test Menutab" source="/home/vtn-thaontv/workspace/2023/AutoTesting/Robot Framework/test_with_appiumlibrary/test/test_menutab.robot">
<test id="s1-t1" name="Swipe Action In Trip Tab" line="54">
<kw name="Open Android Test App" library="resource">
<kw name="Set Appium Timeout" library="AppiumLibrary">
<arg>10</arg>
<doc>Sets the timeout in seconds used by various keywords.</doc>
<status status="PASS" starttime="20230203 14:41:23.858" endtime="20230203 14:41:23.858"/>
</kw>
<kw name="Open Application" library="AppiumLibrary">
<arg>http://127.0.0.1:4723/wd/hub</arg>
<arg>automationName=${ANDROID_AUTOMATION_NAME}</arg>
<arg>app=${ANDROID_APP}</arg>
<arg>platformName=${ANDROID_PLATFORM_NAME}</arg>
<arg>platformVersion=${ANDROID_PLATFORM_VERSION}</arg>
<arg>appPackage=${ANDROID_APP_PACKAGE}</arg>
<arg>appActivity=${ANDROID_APP_ACTIVITY}</arg>
<arg>noReset=${True}</arg>
<doc>Opens a new application to given Appium server.
Capabilities of appium server, Android and iOS,
Please check https://github.com/appium/appium/blob/master/docs/en/writing-running-appium/server-args.md
| *Option*            | *Man.* | *Description*     |
| remote_url          | Yes    | Appium server url |
| alias               | no     | alias             |
| strict_ssl          | No     | allows you to send commands to an invalid certificate host like a self-signed one. |</doc>
<status status="PASS" starttime="20230203 14:41:23.858" endtime="20230203 14:41:30.177"/>
</kw>
<kw name="Sleep" library="BuiltIn">
<arg>2</arg>
<doc>Pauses the test executed for the given time.</doc>
<msg timestamp="20230203 14:41:32.179" level="INFO">Slept 2 seconds</msg>
<status status="PASS" starttime="20230203 14:41:30.177" endtime="20230203 14:41:32.179"/>
</kw>
<status status="PASS" starttime="20230203 14:41:23.857" endtime="20230203 14:41:32.179"/>
</kw>
<kw name="Wait Until Page Contains Element" library="AppiumLibrary">
<arg>${Menu Button}</arg>
<doc>Waits until element specified with `locator` appears on current page.</doc>
<msg timestamp="20230203 14:41:35.157" level="INFO">xpath criteria: //hierarchy/android.widget.FrameLayout/android.widget.LinearLayout/android.widget.FrameLayout/android.widget.LinearLayout/android.widget.FrameLayout/android.widget.FrameLayout/android.view.ViewGroup/android.view.ViewGroup[1]/android.view.ViewGroup/android.view.ViewGroup/android.view.ViewGroup[1]/android.view.ViewGroup/android.view.ViewGroup/android.view.ViewGroup/android.view.ViewGroup/android.view.ViewGroup/android.view.ViewGroup/android.view.ViewGroup/android.view.ViewGroup/android.view.ViewGroup[6]
xpath criteria: //hierarchy/android.widget.FrameLayout/android.widget.LinearLayout/android.widget.FrameLayout/android.widget.LinearLayout/android.widget.FrameLayout/android.widget.FrameLayout/android.view.ViewGroup/android.view.ViewGroup[1]/android.view.ViewGroup/android.view.ViewGroup/android.view.ViewGroup[1]/android.view.ViewGroup/android.view.ViewGroup/android.view.ViewGroup/android.view.ViewGroup/android.view.ViewGroup/android.view.ViewGroup/android.view.ViewGroup/android.view.ViewGroup/android.view.ViewGroup[6]
xpath criteria: //hierarchy/android.widget.FrameLayout/android.widget.LinearLayout/android.widget.FrameLayout/android.widget.LinearLayout/android.widget.FrameLayout/android.widget.FrameLayout/android.view.ViewGroup/android.view.ViewGroup[1]/android.view.ViewGroup/android.view.ViewGroup/android.view.ViewGroup[1]/android.view.ViewGroup/android.view.ViewGroup/android.view.ViewGroup/android.view.ViewGroup/android.view.ViewGroup/android.view.ViewGroup/android.view.ViewGroup/android.view.ViewGroup/android.view.ViewGroup[6]</msg>
<status status="PASS" starttime="20230203 14:41:32.180" endtime="20230203 14:41:35.157"/>
</kw>
<kw name="Click Element" library="AppiumLibrary">
<arg>${Trip Button}</arg>
<doc>Click element identified by `locator`.</doc>
<msg timestamp="20230203 14:41:35.158" level="INFO">Clicking element '//hierarchy/android.widget.FrameLayout/android.widget.LinearLayout/android.widget.FrameLayout/android.widget.LinearLayout/android.widget.FrameLayout/android.widget.FrameLayout/android.view.ViewGroup/android.view.ViewGroup/android.view.ViewGroup/android.view.ViewGroup/android.view.ViewGroup[1]/android.view.ViewGroup/android.view.ViewGroup/android.view.ViewGroup/android.view.ViewGroup/android.view.ViewGroup/android.view.ViewGroup/android.view.ViewGroup/android.view.ViewGroup/android.view.ViewGroup[3]/android.view.ViewGroup'.</msg>
<msg timestamp="20230203 14:41:35.243" level="INFO">xpath criteria: //hierarchy/android.widget.FrameLayout/android.widget.LinearLayout/android.widget.FrameLayout/android.widget.LinearLayout/android.widget.FrameLayout/android.widget.FrameLayout/android.view.ViewGroup/android.view.ViewGroup/android.view.ViewGroup/android.view.ViewGroup/android.view.ViewGroup[1]/android.view.ViewGroup/android.view.ViewGroup/android.view.ViewGroup/android.view.ViewGroup/android.view.ViewGroup/android.view.ViewGroup/android.view.ViewGroup/android.view.ViewGroup/android.view.ViewGroup[3]/android.view.ViewGroup</msg>
<status status="PASS" starttime="20230203 14:41:35.157" endtime="20230203 14:41:35.243"/>
</kw>
<kw name="Sleep" library="BuiltIn">
<arg>3</arg>
<doc>Pauses the test executed for the given time.</doc>
<msg timestamp="20230203 14:41:38.244" level="INFO">Slept 3 seconds</msg>
<status status="PASS" starttime="20230203 14:41:35.243" endtime="20230203 14:41:38.245"/>
</kw>
<kw name="Click Element" library="AppiumLibrary">
<arg>${History Trip Button}</arg>
<doc>Click element identified by `locator`.</doc>
<msg timestamp="20230203 14:41:38.248" level="INFO">Clicking element '//hierarchy/android.widget.FrameLayout/android.widget.LinearLayout/android.widget.FrameLayout/android.widget.LinearLayout/android.widget.FrameLayout/android.widget.FrameLayout/android.view.ViewGroup/android.view.ViewGroup/android.view.ViewGroup/android.view.ViewGroup/android.view.ViewGroup[1]/android.view.ViewGroup/android.view.ViewGroup/android.view.ViewGroup/android.view.ViewGroup/android.view.ViewGroup/android.view.ViewGroup/android.view.ViewGroup/android.view.ViewGroup/android.view.ViewGroup[1]/android.view.ViewGroup[1]/android.view.ViewGroup/android.view.ViewGroup/android.view.ViewGroup/android.view.ViewGroup/android.view.ViewGroup/android.view.ViewGroup/android.view.ViewGroup/android.view.ViewGroup/android.view.ViewGroup[1]/android.view.ViewGroup[2]/android.view.View/android.view.ViewGroup/android.view.ViewGroup[2]'.</msg>
<msg timestamp="20230203 14:41:38.457" level="INFO">xpath criteria: //hierarchy/android.widget.FrameLayout/android.widget.LinearLayout/android.widget.FrameLayout/android.widget.LinearLayout/android.widget.FrameLayout/android.widget.FrameLayout/android.view.ViewGroup/android.view.ViewGroup/android.view.ViewGroup/android.view.ViewGroup/android.view.ViewGroup[1]/android.view.ViewGroup/android.view.ViewGroup/android.view.ViewGroup/android.view.ViewGroup/android.view.ViewGroup/android.view.ViewGroup/android.view.ViewGroup/android.view.ViewGroup/android.view.ViewGroup[1]/android.view.ViewGroup[1]/android.view.ViewGroup/android.view.ViewGroup/android.view.ViewGroup/android.view.ViewGroup/android.view.ViewGroup/android.view.ViewGroup/android.view.ViewGroup/android.view.ViewGroup/android.view.ViewGroup[1]/android.view.ViewGroup[2]/android.view.View/android.view.ViewGroup/android.view.ViewGroup[2]</msg>
<status status="PASS" starttime="20230203 14:41:38.246" endtime="20230203 14:41:38.458"/>
</kw>
<kw name="Sleep" library="BuiltIn">
<arg>3</arg>
<doc>Pauses the test executed for the given time.</doc>
<msg timestamp="20230203 14:41:41.458" level="INFO">Slept 3 seconds</msg>
<status status="PASS" starttime="20230203 14:41:38.458" endtime="20230203 14:41:41.459"/>
</kw>
<kw name="Get Element Location" library="AppiumLibrary">
<var>${Personal Trip 01 Location}</var>
<arg>${Personal Trip 01}</arg>
<doc>Get element location</doc>
<msg timestamp="20230203 14:41:41.935" level="INFO">Element '//hierarchy/android.widget.FrameLayout/android.widget.LinearLayout/android.widget.FrameLayout/android.widget.LinearLayout/android.widget.FrameLayout/android.widget.FrameLayout/android.view.ViewGroup/android.view.ViewGroup/android.view.ViewGroup/android.view.ViewGroup/android.view.ViewGroup[1]/android.view.ViewGroup/android.view.ViewGroup/android.view.ViewGroup/android.view.ViewGroup/android.view.ViewGroup/android.view.ViewGroup/android.view.ViewGroup/android.view.ViewGroup/android.view.ViewGroup[1]/android.view.ViewGroup[1]/android.view.ViewGroup/android.view.ViewGroup/android.view.ViewGroup/android.view.ViewGroup/android.view.ViewGroup/android.view.ViewGroup/android.view.ViewGroup/android.view.ViewGroup/android.view.ViewGroup[2]/android.view.ViewGroup/android.view.ViewGroup/android.view.ViewGroup[4]/android.widget.ScrollView/android.view.ViewGroup/android.view.ViewGroup[2]/android.view.ViewGroup[5]/android.view.ViewGroup/android.view.ViewGroup/android.view.ViewGroup[1]' location: {'x': 127, 'y': 476} </msg>
<msg timestamp="20230203 14:41:41.936" level="INFO">xpath criteria: //hierarchy/android.widget.FrameLayout/android.widget.LinearLayout/android.widget.FrameLayout/android.widget.LinearLayout/android.widget.FrameLayout/android.widget.FrameLayout/android.view.ViewGroup/android.view.ViewGroup/android.view.ViewGroup/android.view.ViewGroup/android.view.ViewGroup[1]/android.view.ViewGroup/android.view.ViewGroup/android.view.ViewGroup/android.view.ViewGroup/android.view.ViewGroup/android.view.ViewGroup/android.view.ViewGroup/android.view.ViewGroup/android.view.ViewGroup[1]/android.view.ViewGroup[1]/android.view.ViewGroup/android.view.ViewGroup/android.view.ViewGroup/android.view.ViewGroup/android.view.ViewGroup/android.view.ViewGroup/android.view.ViewGroup/android.view.ViewGroup/android.view.ViewGroup[2]/android.view.ViewGroup/android.view.ViewGroup/android.view.ViewGroup[4]/android.widget.ScrollView/android.view.ViewGroup/android.view.ViewGroup[2]/android.view.ViewGroup[5]/android.view.ViewGroup/android.view.ViewGroup/android.view.ViewGroup[1]</msg>
<msg timestamp="20230203 14:41:41.936" level="INFO">${Personal Trip 01 Location} = {'x': 127, 'y': 476}</msg>
<status status="PASS" starttime="20230203 14:41:41.459" endtime="20230203 14:41:41.936"/>
</kw>
<kw name="Log To Console" library="BuiltIn">
<arg>Location:${Personal Trip 01 Location}\</arg>
<doc>Logs the given message to the console.</doc>
<status status="PASS" starttime="20230203 14:41:41.936" endtime="20230203 14:41:41.936"/>
</kw>
<kw name="Page Should Contain Element" library="AppiumLibrary">
<arg>${Delete Personal Trip Button}</arg>
<doc>Verifies that current page contains `locator` element.</doc>
<msg timestamp="20230203 14:41:42.092" level="INFO">&lt;?xml version='1.0' encoding='UTF-8' standalone='yes' ?&gt;
&lt;hierarchy index="0" class="hierarchy" rotation="0" width="1080" height="2028"&gt;
  &lt;android.widget.FrameLayout index="0" package="com.viettel.vcar" class="android.widget.FrameLayout" text="" checkable="false" checked="false" clickable="false" enabled="true" focusable="false" focused="false" long-clickable="false" password="false" scrollable="false" selected="false" bounds="[0,0][1080,2028]" displayed="true"&gt;
    &lt;android.widget.LinearLayout index="0" package="com.viettel.vcar" class="android.widget.LinearLayout" text="" checkable="false" checked="false" clickable="false" enabled="true" focusable="false" focused="false" long-clickable="false" password="false" scrollable="false" selected="false" bounds="[0,0][1080,2028]" displayed="true"&gt;
      &lt;android.widget.FrameLayout index="0" package="com.viettel.vcar" class="android.widget.FrameLayout" text="" checkable="false" checked="false" clickable="false" enabled="true" focusable="false" focused="false" long-clickable="false" password="false" scrollable="false" selected="false" bounds="[0,0][1080,2028]" displayed="true"&gt;
        &lt;android.widget.LinearLayout index="0" package="com.viettel.vcar" class="android.widget.LinearLayout" text="" resource-id="com.viettel.vcar:id/action_bar_root" checkable="false" checked="false" clickable="false" enabled="true" focusable="false" focused="false" long-clickable="false" password="false" scrollable="false" selected="false" bounds="[0,0][1080,2028]" displayed="true"&gt;
          &lt;android.widget.FrameLayout index="0" package="com.viettel.vcar" class="android.widget.FrameLayout" text="" resource-id="android:id/content" checkable="false" checked="false" clickable="false" enabled="true" focusable="false" focused="false" long-clickable="false" password="false" scrollable="false" selected="false" bounds="[0,0][1080,2028]" displayed="true"&gt;
            &lt;android.widget.FrameLayout index="0" package="com.viettel.vcar" class="android.widget.FrameLayout" text="" checkable="false" checked="false" clickable="false" enabled="true" focusable="false" focused="false" long-clickable="false" password="false" scrollable="false" selected="false" bounds="[0,0][1080,2028]" displayed="true"&gt;
              &lt;android.view.ViewGroup index="0" package="com.viettel.vcar" class="android.view.ViewGroup" text="" checkable="false" checked="false" clickable="false" enabled="true" focusable="false" focused="false" long-clickable="false" password="false" scrollable="false" selected="false" bounds="[0,0][1080,2028]" displayed="true"&gt;
                &lt;android.view.ViewGroup index="0" package="com.viettel.vcar" class="android.view.ViewGroup" text="" checkable="false" checked="false" clickable="false" enabled="true" focusable="false" focused="false" long-clickable="false" password="false" scrollable="false" selected="false" bounds="[0,0][1080,2028]" displayed="true"&gt;
                  &lt;android.view.ViewGroup index="0" package="com.viettel.vcar" class="android.view.ViewGroup" text="" checkable="false" checked="false" clickable="false" enabled="true" focusable="false" focused="false" long-clickable="false" password="false" scrollable="false" selected="false" bounds="[0,0][1080,2028]" displayed="true"&gt;
                    &lt;android.view.ViewGroup index="0" package="com.viettel.vcar" class="android.view.ViewGroup" text="" checkable="false" checked="false" clickable="false" enabled="true" focusable="false" focused="false" long-clickable="false" password="false" scrollable="false" selected="false" bounds="[0,0][1080,2028]" displayed="true"&gt;
                      &lt;android.view.ViewGroup index="2" package="com.viettel.vcar" class="android.view.ViewGroup" text="" checkable="false" checked="false" clickable="false" enabled="true" focusable="false" focused="false" long-clickable="false" password="false" scrollable="false" selected="false" bounds="[0,0][1080,2028]" displayed="true"&gt;
                        &lt;android.view.ViewGroup index="0" package="com.viettel.vcar" class="android.view.ViewGroup" text="" checkable="false" checked="false" clickable="false" enabled="true" focusable="false" focused="false" long-clickable="false" password="false" scrollable="false" selected="false" bounds="[0,0][1080,2028]" displayed="true"&gt;
                          &lt;android.view.ViewGroup index="0" package="com.viettel.vcar" class="android.view.ViewGroup" text="" checkable="false" checked="false" clickable="false" enabled="true" focusable="false" focused="false" long-clickable="false" password="false" scrollable="false" selected="false" bounds="[0,0][1080,2028]" displayed="true"&gt;
                            &lt;android.view.ViewGroup index="0" package="com.viettel.vcar" class="android.view.ViewGroup" text="" checkable="false" checked="false" clickable="false" enabled="true" focusable="false" focused="false" long-clickable="false" password="false" scrollable="false" selected="false" bounds="[0,0][1080,2028]" displayed="true"&gt;
                              &lt;android.view.ViewGroup index="0" package="com.viettel.vcar" class="android.view.ViewGroup" text="" checkable="false" checked="false" clickable="false" enabled="true" focusable="false" focused="false" long-clickable="false" password="false" scrollable="false" selected="false" bounds="[0,0][1080,2028]" displayed="true"&gt;
                                &lt;android.view.ViewGroup index="1" package="com.viettel.vcar" class="android.view.ViewGroup" text="" checkable="false" checked="false" clickable="false" enabled="true" focusable="false" focused="false" long-clickable="false" password="false" scrollable="false" selected="false" bounds="[0,0][1080,2028]" displayed="true"&gt;
                                  &lt;android.view.ViewGroup index="0" package="com.viettel.vcar" class="android.view.ViewGroup" text="" checkable="false" checked="false" clickable="false" enabled="true" focusable="false" focused="false" long-clickable="false" password="false" scrollable="false" selected="false" bounds="[0,0][1080,2028]" displayed="true"&gt;
                                    &lt;android.view.ViewGroup index="0" package="com.viettel.vcar" class="android.view.ViewGroup" text="" checkable="false" checked="false" clickable="false" enabled="true" focusable="false" focused="false" long-clickable="false" password="false" scrollable="false" selected="false" bounds="[0,0][1080,2028]" displayed="true"&gt;
                                      &lt;android.view.ViewGroup index="0" package="com.viettel.vcar" class="android.view.ViewGroup" text="" checkable="false" checked="false" clickable="false" enabled="true" focusable="false" focused="false" long-clickable="false" password="false" scrollable="false" selected="false" bounds="[0,0][1080,2028]" displayed="true"&gt;
                                        &lt;android.view.ViewGroup index="0" package="com.viettel.vcar" class="android.view.ViewGroup" text="" checkable="false" checked="false" clickable="false" enabled="true" focusable="false" focused="false" long-clickable="false" password="false" scrollable="false" selected="false" bounds="[0,0][1080,1863]" displayed="true"&gt;
                                          &lt;android.view.ViewGroup index="0" package="com.viettel.vcar" class="android.view.ViewGroup" text="" checkable="false" checked="false" clickable="false" enabled="true" focusable="false" focused="false" long-clickable="false" password="false" scrollable="false" selected="false" bounds="[0,0][1080,1863]" displayed="true"&gt;
                                            &lt;android.view.ViewGroup index="0" package="com.viettel.vcar" class="android.view.ViewGroup" text="" checkable="false" checked="false" clickable="false" enabled="true" focusable="false" focused="false" long-clickable="false" password="false" scrollable="false" selected="false" bounds="[0,0][1080,1863]" displayed="true"&gt;
                                              &lt;android.view.ViewGroup index="0" package="com.viettel.vcar" class="android.view.ViewGroup" text="" checkable="false" checked="false" clickable="false" enabled="true" focusable="false" focused="false" long-clickable="false" password="false" scrollable="false" selected="false" bounds="[0,0][1080,1863]" displayed="true"&gt;
                                                &lt;android.view.ViewGroup index="0" package="com.viettel.vcar" class="android.view.ViewGroup" text="" checkable="false" checked="false" clickable="false" enabled="true" focusable="false" focused="false" long-clickable="false" password="false" scrollable="false" selected="false" bounds="[0,0][1080,1863]" displayed="true"&gt;
                                                  &lt;android.view.ViewGroup index="1" package="com.viettel.vcar" class="android.view.ViewGroup" text="" checkable="false" checked="false" clickable="false" enabled="true" focusable="false" focused="false" long-clickable="false" password="false" scrollable="false" selected="false" bounds="[0,0][1080,1863]" displayed="true"&gt;
                                                    &lt;android.view.ViewGroup index="0" package="com.viettel.vcar" class="android.view.ViewGroup" text="" checkable="false" checked="false" clickable="false" enabled="true" focusable="false" focused="false" long-clickable="false" password="false" scrollable="false" selected="false" bounds="[0,0][1080,1863]" displayed="true"&gt;
                                                      &lt;android.view.ViewGroup index="0" package="com.viettel.vcar" class="android.view.ViewGroup" text="" checkable="false" checked="false" clickable="false" enabled="true" focusable="false" focused="false" long-clickable="false" password="false" scrollable="false" selected="false" bounds="[0,0][1080,1863]" displayed="true"&gt;
                                                        &lt;android.view.ViewGroup index="0" package="com.viettel.vcar" class="android.view.ViewGroup" text="" checkable="false" checked="false" clickable="false" enabled="true" focusable="false" focused="false" long-clickable="false" password="false" scrollable="false" selected="false" bounds="[0,0][1080,1863]" displayed="true"&gt;
                                                          &lt;android.view.ViewGroup index="0" package="com.viettel.vcar" class="android.view.ViewGroup" text="" checkable="false" checked="false" clickable="false" enabled="true" focusable="false" focused="false" long-clickable="false" password="false" scrollable="false" selected="false" bounds="[0,66][1080,1863]" displayed="true"&gt;
                                                            &lt;android.view.ViewGroup index="0" package="com.viettel.vcar" class="android.view.ViewGroup" text="" checkable="false" checked="false" clickable="false" enabled="true" focusable="false" focused="false" long-clickable="false" password="false" scrollable="false" selected="false" bounds="[83,66][998,176]" displayed="true"&gt;
                                                              &lt;android.view.ViewGroup index="0" package="com.viettel.vcar" class="android.view.ViewGroup" text="" checkable="false" checked="false" clickable="false" enabled="true" focusable="false" focused="false" long-clickable="false" password="false" scrollable="false" selected="false" bounds="[83,66][998,176]" displayed="true" /&gt;
                                                              &lt;android.view.ViewGroup index="1" package="com.viettel.vcar" class="android.view.ViewGroup" text="" checkable="false" checked="false" clickable="false" enabled="true" focusable="false" focused="false" long-clickable="false" password="false" scrollable="false" selected="false" bounds="[83,66][998,176]" displayed="true"&gt;
                                                                &lt;android.view.View index="0" package="com.viettel.vcar" class="android.view.View" text="" checkable="false" checked="false" clickable="false" enabled="true" focusable="true" focused="false" long-clickable="false" password="false" scrollable="false" selected="false" bounds="[83,66][998,176]" displayed="true"&gt;
                                                                  &lt;android.view.ViewGroup index="0" package="com.viettel.vcar" class="android.view.ViewGroup" text="" checkable="false" checked="false" clickable="false" enabled="true" focusable="false" focused="false" long-clickable="false" password="false" scrollable="false" selected="false" bounds="[83,66][998,176]" displayed="true"&gt;
                                                                    &lt;android.view.ViewGroup index="0" package="com.viettel.vcar" class="android.view.ViewGroup" text="" checkable="false" checked="false" clickable="true" enabled="true" focusable="true" focused="false" long-clickable="false" password="false" scrollable="false" selected="false" bounds="[83,66][540,176]" displayed="true"&gt;
                                                                      &lt;android.widget.TextView index="0" package="com.viettel.vcar" class="android.widget.TextView" text="THỐNG KÊ" checkable="false" checked="false" clickable="false" enabled="true" focusable="false" focused="false" long-clickable="false" password="false" scrollable="false" selected="false" bounds="[193,113][430,168]" displayed="true" /&gt;
                                                                    &lt;/android.view.ViewGroup&gt;
                                                                    &lt;android.view.ViewGroup index="1" package="com.viettel.vcar" class="android.view.ViewGroup" text="" checkable="false" checked="false" clickable="true" enabled="true" focusable="true" focused="false" long-clickable="false" password="false" scrollable="false" selected="false" bounds="[541,66][998,176]" displayed="true"&gt;
                                                                      &lt;android.widget.TextView index="0" package="com.viettel.vcar" class="android.widget.TextView" text="LỊCH SỬ" checkable="false" checked="false" clickable="false" enabled="true" focusable="false" focused="false" long-clickable="false" password="false" scrollable="false" selected="false" bounds="[659,105][880,160]" displayed="true" /&gt;
                                                                    &lt;/android.view.ViewGroup&gt;
                                                                  &lt;/android.view.ViewGroup&gt;
                                                                &lt;/android.view.View&gt;
                                                              &lt;/android.view.ViewGroup&gt;
                                                            &lt;/android.view.ViewGroup&gt;
                                                            &lt;android.view.ViewGroup index="1" package="com.viettel.vcar" class="android.view.ViewGroup" text="" checkable="false" checked="false" clickable="false" enabled="true" focusable="false" focused="false" long-clickable="false" password="false" scrollable="false" selected="false" bounds="[0,176][1080,1863]" displayed="true"&gt;
                                                              &lt;android.view.ViewGroup index="1" package="com.viettel.vcar" class="android.view.ViewGroup" text="" checkable="false" checked="false" clickable="false" enabled="true" focusable="false" focused="false" long-clickable="false" password="false" scrollable="false" selected="false" bounds="[0,176][1080,1863]" displayed="true"&gt;
                                                                &lt;android.view.ViewGroup index="0" package="com.viettel.vcar" class="android.view.ViewGroup" text="" checkable="false" checked="false" clickable="false" enabled="true" focusable="false" focused="false" long-clickable="false" password="false" scrollable="false" selected="false" bounds="[0,176][1080,1863]" displayed="true"&gt;
                                                                  &lt;android.view.ViewGroup index="0" package="com.viettel.vcar" class="android.view.ViewGroup" text="" checkable="false" checked="false" clickable="true" enabled="true" focusable="true" focused="false" long-clickable="false" password="false" scrollable="false" selected="false" bounds="[224,215][334,248]" displayed="true"&gt;
                                                                    &lt;android.widget.ImageView index="0" package="com.viettel.vcar" class="android.widget.ImageView" text="" checkable="false" checked="false" clickable="false" enabled="true" focusable="false" focused="false" long-clickable="false" password="false" scrollable="false" selected="false" bounds="[263,215][296,248]" displayed="true" /&gt;
                                                                  &lt;/android.view.ViewGroup&gt;
                                                                  &lt;android.view.ViewGroup index="1" package="com.viettel.vcar" class="android.view.ViewGroup" text="" checkable="false" checked="false" clickable="true" enabled="true" focusable="true" focused="false" long-clickable="false" password="false" scrollable="false" selected="false" bounds="[334,206][746,256]" displayed="true"&gt;
                                                                    &lt;android.widget.TextView index="0" package="com.viettel.vcar" class="android.widget.TextView" text="25/01 - 03/02/2023" checkable="false" checked="false" clickable="false" enabled="true" focusable="false" focused="false" long-clickable="false" password="false" scrollable="false" selected="false" bounds="[354,206][726,256]" displayed="true" /&gt;
                                                                  &lt;/android.view.ViewGroup&gt;
                                                                  &lt;android.view.ViewGroup index="2" package="com.viettel.vcar" class="android.view.ViewGroup" text="" checkable="false" checked="false" clickable="true" enabled="true" focusable="true" focused="false" long-clickable="false" password="false" scrollable="false" selected="false" bounds="[746,215][856,248]" displayed="true"&gt;
                                                                    &lt;android.widget.ImageView index="0" package="com.viettel.vcar" class="android.widget.ImageView" text="" checkable="false" checked="false" clickable="false" enabled="true" focusable="false" focused="false" long-clickable="false" password="false" scrollable="false" selected="false" bounds="[785,215][818,248]" displayed="true" /&gt;
                                                                  &lt;/android.view.ViewGroup&gt;
                                                                  &lt;android.view.ViewGroup index="3" package="com.viettel.vcar" class="android.view.ViewGroup" text="" checkable="false" checked="false" clickable="false" enabled="true" focusable="false" focused="false" long-clickable="false" password="false" scrollable="false" selected="false" bounds="[0,286][1080,1863]" displayed="true"&gt;
                                                                    &lt;android.widget.ScrollView index="0" package="com.viettel.vcar" class="android.widget.ScrollView" text="" checkable="false" checked="false" clickable="false" enabled="true" focusable="true" focused="false" long-clickable="false" password="false" scrollable="false" selected="false" bounds="[0,286][1080,1863]" displayed="true"&gt;
                                                                      &lt;android.view.ViewGroup index="0" package="com.viettel.vcar" class="android.view.ViewGroup" text="" checkable="false" checked="false" clickable="false" enabled="true" focusable="false" focused="false" long-clickable="false" password="false" scrollable="false" selected="false" bounds="[0,286][1080,944]" displayed="true"&gt;
                                                                        &lt;android.view.ViewGroup index="0" package="com.viettel.vcar" class="android.view.ViewGroup" text="" checkable="false" checked="false" clickable="false" enabled="true" focusable="false" focused="false" long-clickable="false" password="false" scrollable="false" selected="false" bounds="[0,286][1080,451]" displayed="true"&gt;
                                                                          &lt;android.view.ViewGroup index="0" package="com.viettel.vcar" class="android.view.ViewGroup" text="" checkable="false" checked="false" clickable="false" enabled="true" focusable="false" focused="false" long-clickable="false" password="false" scrollable="false" selected="false" bounds="[0,286][1080,451]" displayed="true"&gt;
                                                                            &lt;android.view.ViewGroup index="0" package="com.viettel.vcar" class="android.view.ViewGroup" text="" checkable="false" checked="false" clickable="false" enabled="true" focusable="false" focused="false" long-clickable="false" password="false" scrollable="false" selected="false" bounds="[36,292][190,446]" displayed="true"&gt;
                                                                              &lt;android.view.ViewGroup index="0" package="com.viettel.vcar" class="android.view.ViewGroup" text="" checkable="false" checked="false" clickable="false" enabled="true" focusable="false" focused="false" long-clickable="false" password="false" scrollable="false" selected="false" bounds="[50,306][176,433]" displayed="true"&gt;
                                                                                &lt;android.widget.TextView index="0" package="com.viettel.vcar" class="android.widget.TextView" text="02/02" checkable="false" checked="false" clickable="false" enabled="true" focusable="false" focused="false" long-clickable="false" password="false" scrollable="false" selected="false" bounds="[65,345][162,394]" displayed="true" /&gt;
                                                                              &lt;/android.view.ViewGroup&gt;
                                                                            &lt;/android.view.ViewGroup&gt;
                                                                            &lt;android.widget.TextView index="1" package="com.viettel.vcar" class="android.widget.TextView" text="Số hành trình" checkable="false" checked="false" clickable="false" enabled="true" focusable="false" focused="false" long-clickable="false" password="false" scrollable="false" selected="false" bounds="[237,316][448,368]" displayed="true" /&gt;
                                                                            &lt;android.widget.TextView index="2" package="com.viettel.vcar" class="android.widget.TextView" text="Quãng đường" checkable="false" checked="false" clickable="false" enabled="true" focusable="false" focused="false" long-clickable="false" password="false" scrollable="false" selected="false" bounds="[494,316][716,368]" displayed="true" /&gt;
                                                                            &lt;android.widget.TextView index="3" package="com.viettel.vcar" class="android.widget.TextView" text="Thời gian" checkable="false" checked="false" clickable="false" enabled="true" focusable="false" focused="false" long-clickable="false" password="false" scrollable="false" selected="false" bounds="[763,316][910,368]" displayed="true" /&gt;
                                                                            &lt;android.widget.TextView index="4" package="com.viettel.vcar" class="android.widget.TextView" text="1" checkable="false" checked="false" clickable="false" enabled="true" focusable="false" focused="false" long-clickable="false" password="false" scrollable="false" selected="false" bounds="[237,368][448,421]" displayed="true" /&gt;
                                                                            &lt;android.widget.TextView index="5" package="com.viettel.vcar" class="android.widget.TextView" text="18.2 km" checkable="false" checked="false" clickable="false" enabled="true" focusable="false" focused="false" long-clickable="false" password="false" scrollable="false" selected="false" bounds="[494,368][716,421]" displayed="true" /&gt;
                                                                            &lt;android.widget.TextView index="6" package="com.viettel.vcar" class="android.widget.TextView" text="0.7 h" checkable="false" checked="false" clickable="false" enabled="true" focusable="false" focused="false" long-clickable="false" password="false" scrollable="false" selected="false" bounds="[763,368][910,421]" displayed="true" /&gt;
                                                                          &lt;/android.view.ViewGroup&gt;
                                                                        &lt;/android.view.ViewGroup&gt;
                                                                        &lt;android.view.ViewGroup index="1" package="com.viettel.vcar" class="android.view.ViewGroup" text="" checkable="false" checked="false" clickable="false" enabled="true" focusable="false" focused="false" long-clickable="false" password="false" scrollable="false" selected="false" bounds="[0,451][1080,944]" displayed="true"&gt;
                                                                          &lt;android.view.ViewGroup index="0" package="com.viettel.vcar" class="android.view.ViewGroup" text="" checkable="false" checked="false" clickable="false" enabled="true" focusable="false" focused="false" long-clickable="false" password="false" scrollable="false" selected="false" bounds="[62,451][65,685]" displayed="true" /&gt;
                                                                          &lt;android.view.ViewGroup index="1" package="com.viettel.vcar" class="android.view.ViewGroup" text="" checkable="false" checked="false" clickable="false" enabled="true" focusable="false" focused="false" long-clickable="false" password="false" scrollable="false" selected="false" bounds="[51,685][76,710]" displayed="true" /&gt;
                                                                          &lt;android.view.ViewGroup index="2" package="com.viettel.vcar" class="android.view.ViewGroup" text="" checkable="false" checked="false" clickable="false" enabled="true" focusable="false" focused="false" long-clickable="false" password="false" scrollable="false" selected="false" bounds="[75,696][123,699]" displayed="true" /&gt;
                                                                          &lt;android.view.ViewGroup index="3" package="com.viettel.vcar" class="android.view.ViewGroup" text="" checkable="false" checked="false" clickable="false" enabled="true" focusable="false" focused="false" long-clickable="false" password="false" scrollable="false" selected="false" bounds="[62,710][65,944]" displayed="true" /&gt;
                                                                          &lt;android.view.ViewGroup index="4" package="com.viettel.vcar" class="android.view.ViewGroup" text="" checkable="false" checked="false" clickable="false" enabled="true" focusable="false" focused="false" long-clickable="false" password="false" scrollable="false" selected="false" bounds="[124,473][1053,903]" displayed="true"&gt;
                                                                            &lt;android.view.ViewGroup index="0" package="com.viettel.vcar" class="android.view.ViewGroup" text="" checkable="false" checked="false" clickable="false" enabled="true" focusable="false" focused="false" long-clickable="false" password="false" scrollable="false" selected="false" bounds="[127,476][1050,900]" displayed="true"&gt;
                                                                              &lt;android.view.ViewGroup index="0" package="com.viettel.vcar" class="android.view.ViewGroup" text="" checkable="false" checked="false" clickable="true" enabled="true" focusable="true" focused="false" long-clickable="false" password="false" scrollable="false" selected="false" bounds="[127,476][1050,900]" displayed="true"&gt;
                                                                                &lt;android.view.ViewGroup index="0" package="com.viettel.vcar" class="android.view.ViewGroup" text="" checkable="false" checked="false" clickable="false" enabled="true" focusable="false" focused="false" long-clickable="false" password="false" scrollable="false" selected="false" bounds="[127,476][1050,795]" displayed="true"&gt;
                                                                                  &lt;android.view.ViewGroup index="0" package="com.viettel.vcar" class="android.view.ViewGroup" text="" checkable="false" checked="false" clickable="false" enabled="true" focusable="false" focused="false" long-clickable="false" password="false" scrollable="false" selected="false" bounds="[177,476][183,528]" displayed="true" /&gt;
                                                                                  &lt;android.widget.ImageView index="1" package="com.viettel.vcar" class="android.widget.ImageView" text="" checkable="false" checked="false" clickable="false" enabled="true" focusable="false" focused="false" long-clickable="false" password="false" scrollable="false" selected="false" bounds="[152,528][207,583]" displayed="true" /&gt;
                                                                                  &lt;android.widget.TextView index="2" package="com.viettel.vcar" class="android.widget.TextView" text="Huyện Đông Anh, Thành phố Hà Nội, Việt Nam" checkable="false" checked="false" clickable="false" enabled="true" focusable="false" focused="false" long-clickable="false" password="false" scrollable="false" selected="false" bounds="[235,490][872,581]" displayed="true" /&gt;
                                                                                  &lt;android.view.ViewGroup index="3" package="com.viettel.vcar" class="android.view.ViewGroup" text="" checkable="false" checked="false" clickable="false" enabled="true" focusable="false" focused="false" long-clickable="false" password="false" scrollable="false" selected="false" bounds="[177,583][183,635]" displayed="true" /&gt;
                                                                                  &lt;android.widget.TextView index="4" package="com.viettel.vcar" class="android.widget.TextView" text="7:09 AM" checkable="false" checked="false" clickable="false" enabled="true" focusable="false" focused="false" long-clickable="false" password="false" scrollable="false" selected="false" bounds="[235,581][872,622]" displayed="true" /&gt;
                                                                                  &lt;android.view.ViewGroup index="5" package="com.viettel.vcar" class="android.view.ViewGroup" text="" checkable="false" checked="false" clickable="false" enabled="true" focusable="false" focused="false" long-clickable="false" password="false" scrollable="false" selected="false" bounds="[177,636][183,679]" displayed="true" /&gt;
                                                                                  &lt;android.widget.ImageView index="6" package="com.viettel.vcar" class="android.widget.ImageView" text="" checkable="false" checked="false" clickable="false" enabled="true" focusable="false" focused="false" long-clickable="false" password="false" scrollable="false" selected="false" bounds="[152,679][207,753]" displayed="true" /&gt;
                                                                                  &lt;android.widget.TextView index="7" package="com.viettel.vcar" class="android.widget.TextView" text="Ngõ 15, Phường Mỹ Đình 2, Quận Nam Từ Liêm, Thành phố Hà Nội, Việt Nam" checkable="false" checked="false" clickable="false" enabled="true" focusable="false" focused="false" long-clickable="false" password="false" scrollable="false" selected="false" bounds="[235,650][872,741]" displayed="true" /&gt;
                                                                                  &lt;android.view.ViewGroup index="8" package="com.viettel.vcar" class="android.view.ViewGroup" text="" checkable="false" checked="false" clickable="false" enabled="true" focusable="false" focused="false" long-clickable="false" password="false" scrollable="false" selected="false" bounds="[872,567][1010,704]" displayed="true"&gt;
                                                                                    &lt;android.view.ViewGroup index="0" package="com.viettel.vcar" class="android.view.ViewGroup" text="" checkable="false" checked="false" clickable="false" enabled="true" focusable="false" focused="false" long-clickable="false" password="false" scrollable="false" selected="false" bounds="[872,567][941,704]" displayed="true" /&gt;
                                                                                    &lt;android.view.ViewGroup index="1" package="com.viettel.vcar" class="android.view.ViewGroup" text="" checkable="false" checked="false" clickable="false" enabled="true" focusable="false" focused="false" long-clickable="false" password="false" scrollable="false" selected="false" bounds="[941,567][1010,704]" displayed="true" /&gt;
                                                                                    &lt;android.view.ViewGroup index="2" package="com.viettel.vcar" class="android.view.ViewGroup" text="" checkable="false" checked="false" clickable="false" enabled="true" focusable="false" focused="false" long-clickable="false" password="false" scrollable="false" selected="false" bounds="[901,567][1010,691]" displayed="true" /&gt;
                                                                                    &lt;android.view.ViewGroup index="3" package="com.viettel.vcar" class="android.view.ViewGroup" text="" checkable="false" checked="false" clickable="false" enabled="true" focusable="false" focused="false" long-clickable="false" password="false" scrollable="false" selected="false" bounds="[886,581][996,691]" displayed="true"&gt;
                                                                                      &lt;android.widget.TextView index="0" package="com.viettel.vcar" class="android.widget.TextView" text="90" checkable="false" checked="false" clickable="false" enabled="true" focusable="false" focused="false" long-clickable="false" password="false" scrollable="false" selected="false" bounds="[919,610][963,663]" displayed="true" /&gt;
                                                                                    &lt;/android.view.ViewGroup&gt;
                                                                                  &lt;/android.view.ViewGroup&gt;
                                                                                  &lt;android.view.ViewGroup index="9" package="com.viettel.vcar" class="android.view.ViewGroup" text="" checkable="false" checked="false" clickable="false" enabled="true" focusable="false" focused="false" long-clickable="false" password="false" scrollable="false" selected="false" bounds="[177,753][183,795]" displayed="true" /&gt;
                                                                                  &lt;android.widget.TextView index="10" package="com.viettel.vcar" class="android.widget.TextView" text="7:52 AM" checkable="false" checked="false" clickable="false" enabled="true" focusable="false" focused="false" long-clickable="false" password="false" scrollable="false" selected="false" bounds="[235,741][872,782]" displayed="true" /&gt;
                                                                                &lt;/android.view.ViewGroup&gt;
                                                                                &lt;android.view.ViewGroup index="1" package="com.viettel.vcar" class="android.view.ViewGroup" text="" checkable="false" checked="false" clickable="false" enabled="true" focusable="false" focused="false" long-clickable="false" password="false" scrollable="false" selected="false" bounds="[127,795][1050,900]" displayed="true"&gt;
                                                                                  &lt;android.view.ViewGroup index="0" package="com.viettel.vcar" class="android.view.ViewGroup" text="" checkable="false" checked="false" clickable="false" enabled="true" focusable="false" focused="false" long-clickable="false" password="false" scrollable="false" selected="false" bounds="[254,820][279,845]" displayed="true" /&gt;
                                                                                  &lt;android.widget.TextView index="1" package="com.viettel.vcar" class="android.widget.TextView" text="0" checkable="false" checked="false" clickable="false" enabled="true" focusable="false" focused="false" long-clickable="false" password="false" scrollable="false" selected="false" bounds="[279,806][309,859]" displayed="true" /&gt;
                                                                                  &lt;android.view.ViewGroup index="2" package="com.viettel.vcar" class="android.view.ViewGroup" text="" checkable="false" checked="false" clickable="false" enabled="true" focusable="false" focused="false" long-clickable="false" password="false" scrollable="false" selected="false" bounds="[519,820][544,845]" displayed="true" /&gt;
                                                                                  &lt;android.widget.TextView index="3" package="com.viettel.vcar" class="android.widget.TextView" text="0" checkable="false" checked="false" clickable="false" enabled="true" focusable="false" focused="false" long-clickable="false" password="false" scrollable="false" selected="false" bounds="[544,806][574,859]" displayed="true" /&gt;
                                                                                  &lt;android.view.ViewGroup index="4" package="com.viettel.vcar" class="android.view.ViewGroup" text="" checkable="false" checked="false" clickable="false" enabled="true" focusable="false" focused="false" long-clickable="false" password="false" scrollable="false" selected="false" bounds="[729,820][754,845]" displayed="true" /&gt;
                                                                                  &lt;android.widget.TextView index="5" package="com.viettel.vcar" class="android.widget.TextView" text="0" checkable="false" checked="false" clickable="false" enabled="true" focusable="false" focused="false" long-clickable="false" password="false" scrollable="false" selected="false" bounds="[753,806][783,859]" displayed="true" /&gt;
                                                                                  &lt;android.view.ViewGroup index="6" package="com.viettel.vcar" class="android.view.ViewGroup" text="" checkable="false" checked="false" clickable="false" enabled="true" focusable="false" focused="false" long-clickable="false" password="false" scrollable="false" selected="false" bounds="[924,820][949,845]" displayed="true" /&gt;
                                                                                  &lt;android.widget.TextView index="7" package="com.viettel.vcar" class="android.widget.TextView" text="1" checkable="false" checked="false" clickable="false" enabled="true" focusable="false" focused="false" long-clickable="false" password="false" scrollable="false" selected="false" bounds="[949,806][979,859]" displayed="true" /&gt;
                                                                                  &lt;android.widget.TextView index="8" package="com.viettel.vcar" class="android.widget.TextView" text="Tăng tốc đột ngột" checkable="false" checked="false" clickable="false" enabled="true" focusable="false" focused="false" long-clickable="false" password="false" scrollable="false" selected="false" bounds="[171,859][392,900]" displayed="true" /&gt;
                                                                                  &lt;android.widget.TextView index="9" package="com.viettel.vcar" class="android.widget.TextView" text="Phanh gấp" checkable="false" checked="false" clickable="false" enabled="true" focusable="false" focused="false" long-clickable="false" password="false" scrollable="false" selected="false" bounds="[479,859][614,900]" displayed="true" /&gt;
                                                                                  &lt;android.widget.TextView index="10" package="com.viettel.vcar" class="android.widget.TextView" text="Cua gấp" checkable="false" checked="false" clickable="false" enabled="true" focusable="false" focused="false" long-clickable="false" password="false" scrollable="false" selected="false" bounds="[702,859][810,900]" displayed="true" /&gt;
                                                                                  &lt;android.widget.TextView index="11" package="com.viettel.vcar" class="android.widget.TextView" text="Vượt tốc" checkable="false" checked="false" clickable="false" enabled="true" focusable="false" focused="false" long-clickable="false" password="false" scrollable="false" selected="false" bounds="[897,859][1006,900]" displayed="true" /&gt;
                                                                                &lt;/android.view.ViewGroup&gt;
                                                                              &lt;/android.view.ViewGroup&gt;
                                                                            &lt;/android.view.ViewGroup&gt;
                                                                          &lt;/android.view.ViewGroup&gt;
                                                                        &lt;/android.view.ViewGroup&gt;
                                                                      &lt;/android.view.ViewGroup&gt;
                                                                    &lt;/android.widget.ScrollView&gt;
                                                                  &lt;/android.view.ViewGroup&gt;
                                                                &lt;/android.view.ViewGroup&gt;
                                                              &lt;/android.view.ViewGroup&gt;
                                                            &lt;/android.view.ViewGroup&gt;
                                                          &lt;/android.view.ViewGroup&gt;
                                                        &lt;/android.view.ViewGroup&gt;
                                                      &lt;/android.view.ViewGroup&gt;
                                                    &lt;/android.view.ViewGroup&gt;
                                                  &lt;/android.view.ViewGroup&gt;
                                                &lt;/android.view.ViewGroup&gt;
                                              &lt;/android.view.ViewGroup&gt;
                                            &lt;/android.view.ViewGroup&gt;
                                          &lt;/android.view.ViewGroup&gt;
                                          &lt;android.view.ViewGroup index="1" package="com.viettel.vcar" class="android.view.ViewGroup" text="" checkable="false" checked="false" clickable="false" enabled="true" focusable="false" focused="false" long-clickable="false" password="false" scrollable="false" selected="false" bounds="[0,0][1080,1863]" displayed="true" /&gt;
                                        &lt;/android.view.ViewGroup&gt;
                                        &lt;android.view.ViewGroup index="1" package="com.viettel.vcar" class="android.view.ViewGroup" text="" checkable="false" checked="false" clickable="false" enabled="true" focusable="false" focused="false" long-clickable="false" password="false" scrollable="false" selected="false" bounds="[0,1863][236,2028]" displayed="true"&gt;
                                          &lt;android.view.ViewGroup index="0" package="com.viettel.vcar" class="android.view.ViewGroup" text="" checkable="false" checked="false" clickable="false" enabled="true" focusable="true" focused="false" long-clickable="false" password="false" scrollable="false" selected="false" bounds="[41,1877][219,2015]" displayed="true"&gt;
                                            &lt;android.widget.ImageView index="0" package="com.viettel.vcar" class="android.widget.ImageView" text="" checkable="false" checked="false" clickable="false" enabled="true" focusable="false" focused="false" long-clickable="false" password="false" scrollable="false" selected="false" bounds="[100,1916][161,1976]" displayed="true" /&gt;
                                          &lt;/android.view.ViewGroup&gt;
                                        &lt;/android.view.ViewGroup&gt;
                                        &lt;android.view.ViewGroup index="2" package="com.viettel.vcar" class="android.view.ViewGroup" text="" checkable="false" checked="false" clickable="false" enabled="true" focusable="false" focused="false" long-clickable="false" password="false" scrollable="false" selected="false" bounds="[236,1863][447,2028]" displayed="true"&gt;
                                          &lt;android.view.ViewGroup index="0" package="com.viettel.vcar" class="android.view.ViewGroup" text="" checkable="false" checked="false" clickable="false" enabled="true" focusable="true" focused="false" long-clickable="false" password="false" scrollable="false" selected="false" bounds="[253,1877][431,2015]" displayed="true"&gt;
                                            &lt;android.view.View index="0" package="com.viettel.vcar" class="android.view.View" text="" checkable="false" checked="false" clickable="false" enabled="true" focusable="false" focused="false" long-clickable="false" password="false" scrollable="false" selected="false" bounds="[298,1878][386,1966]" displayed="true" /&gt;
                                            &lt;android.widget.ImageView index="1" package="com.viettel.vcar" class="android.widget.ImageView" text="" checkable="false" checked="false" clickable="false" enabled="true" focusable="false" focused="false" long-clickable="false" password="false" scrollable="false" selected="false" bounds="[317,1897][366,1947]" displayed="true" /&gt;
                                            &lt;android.widget.TextView index="2" package="com.viettel.vcar" class="android.widget.TextView" text="Hành trình" checkable="false" checked="false" clickable="false" enabled="true" focusable="false" focused="false" long-clickable="false" password="false" scrollable="false" selected="false" bounds="[266,1966][419,2014]" displayed="true" /&gt;
                                          &lt;/android.view.ViewGroup&gt;
                                        &lt;/android.view.ViewGroup&gt;
                                        &lt;android.view.ViewGroup index="3" package="com.viettel.vcar" class="android.view.ViewGroup" text="" checkable="false" checked="false" clickable="false" enabled="true" focusable="false" focused="false" long-clickable="false" password="false" scrollable="false" selected="false" bounds="[447,1863][658,2028]" displayed="true"&gt;
                                          &lt;android.view.ViewGroup index="0" package="com.viettel.vcar" class="android.view.ViewGroup" text="" checkable="false" checked="false" clickable="false" enabled="true" focusable="true" focused="false" long-clickable="false" password="false" scrollable="false" selected="false" bounds="[464,1877][642,2015]" displayed="true"&gt;
                                            &lt;android.widget.ImageView index="0" package="com.viettel.vcar" class="android.widget.ImageView" text="" checkable="false" checked="false" clickable="false" enabled="true" focusable="false" focused="false" long-clickable="false" password="false" scrollable="false" selected="false" bounds="[523,1916][584,1976]" displayed="true" /&gt;
                                          &lt;/android.view.ViewGroup&gt;
                                        &lt;/android.view.ViewGroup&gt;
                                        &lt;android.view.ViewGroup index="4" package="com.viettel.vcar" class="android.view.ViewGroup" text="" checkable="false" checked="false" clickable="false" enabled="true" focusable="false" focused="false" long-clickable="false" password="false" scrollable="false" selected="false" bounds="[658,1863][869,2028]" displayed="true"&gt;
                                          &lt;android.view.ViewGroup index="0" package="com.viettel.vcar" class="android.view.ViewGroup" text="" checkable="false" checked="false" clickable="false" enabled="true" focusable="true" focused="false" long-clickable="false" password="false" scrollable="false" selected="false" bounds="[675,1877][853,2015]" displayed="true"&gt;
                                            &lt;android.widget.ImageView index="0" package="com.viettel.vcar" class="android.widget.ImageView" text="" checkable="false" checked="false" clickable="false" enabled="true" focusable="false" focused="false" long-clickable="false" password="false" scrollable="false" selected="false" bounds="[734,1916][795,1976]" displayed="true" /&gt;
                                          &lt;/android.view.ViewGroup&gt;
                                        &lt;/android.view.ViewGroup&gt;
                                        &lt;android.view.ViewGroup index="5" package="com.viettel.vcar" class="android.view.ViewGroup" text="" checkable="false" checked="false" clickable="false" enabled="true" focusable="false" focused="false" long-clickable="false" password="false" scrollable="false" selected="false" bounds="[869,1863][1080,2028]" displayed="true"&gt;
                                          &lt;android.view.ViewGroup index="0" package="com.viettel.vcar" class="android.view.ViewGroup" text="" checkable="false" checked="false" clickable="false" enabled="true" focusable="true" focused="false" long-clickable="false" password="false" scrollable="false" selected="false" bounds="[886,1877][1065,2015]" displayed="true"&gt;
                                            &lt;android.widget.ImageView index="0" package="com.viettel.vcar" class="android.widget.ImageView" text="" checkable="false" checked="false" clickable="false" enabled="true" focusable="false" focused="false" long-clickable="false" password="false" scrollable="false" selected="false" bounds="[945,1916][1006,1976]" displayed="true" /&gt;
                                          &lt;/android.view.ViewGroup&gt;
                                        &lt;/android.view.ViewGroup&gt;
                                      &lt;/android.view.ViewGroup&gt;
                                    &lt;/android.view.ViewGroup&gt;
                                  &lt;/android.view.ViewGroup&gt;
                                &lt;/android.view.ViewGroup&gt;
                              &lt;/android.view.ViewGroup&gt;
                            &lt;/android.view.ViewGroup&gt;
                          &lt;/android.view.ViewGroup&gt;
                        &lt;/android.view.ViewGroup&gt;
                      &lt;/android.view.ViewGroup&gt;
                      &lt;android.view.ViewGroup index="3" package="com.viettel.vcar" class="android.view.ViewGroup" text="" checkable="false" checked="false" clickable="false" enabled="true" focusable="false" focused="false" long-clickable="false" password="false" scrollable="false" selected="false" bounds="[0,0][1080,2028]" displayed="true" /&gt;
                    &lt;/android.view.ViewGroup&gt;
                  &lt;/android.view.ViewGroup&gt;
                &lt;/android.view.ViewGroup&gt;
              &lt;/android.view.ViewGroup&gt;
            &lt;/android.widget.FrameLayout&gt;
          &lt;/android.widget.FrameLayout&gt;
        &lt;/android.widget.LinearLayout&gt;
      &lt;/android.widget.FrameLayout&gt;
    &lt;/android.widget.LinearLayout&gt;
  &lt;/android.widget.FrameLayout&gt;
&lt;/hierarchy&gt;</msg>
<kw name="Capture Page Screenshot" library="AppiumLibrary">
<doc>Takes a screenshot of the current page and embeds it into the log.</doc>
<msg timestamp="20230203 14:41:42.321" level="INFO" html="true">&lt;/td&gt;&lt;/tr&gt;&lt;tr&gt;&lt;td colspan="3"&gt;&lt;img src="data:image/png;base64, iVBORw0KGgoAAAANSUhEUgAABDgAAAhwCAYAAADIu476AAAAAXNSR0IArs4c6QAAAARzQklUCAgI
CHwIZIgAACAASURBVHic7N13eJRV3sbxezKpJKQSWoBQktBC7x0VKVIUsCOi2FbWtquuvLZV1oIu
ay8rFpAmNkCpIoIgIL2EGmqAhFBCQgrpmXn/YDMmZCaZSSZl8Pu5Li+Zp5znPEkI89xzzu8Y0tLS
zAIAAAAAAHBhbtXdAQAAAAAAgIoi4AAAAAAAAC6PgAMAAAAAALg8Ag4AAAAAAODyCDgAAAAAAIDL
I+AAAAAAAAAuj4ADAAAAAAC4PAIOAAAAAADg8gg4AAAAAACAyyPgAAAAAAAALo+AAwAAAAAAuDwC
DgAAAAAA4PLcq7sDAGoWs9mspKQk/frrrzpw4ICSk5OtHmc0GlWvXj117dpVPXr0UK1atWQwGKq4
twAAAABwmSEtLc1c3Z0AXIXZbFZeXp7Onz+v5ORkhYWFyd/fX+7urp8V5uXl6dtvv9WOHTuUn58v
s9n+Xw0Gg0He3t4aNmyY+vfvT9ABAAAAoMoRcKBccnJyVFBQYHWfwWCQh4fHVfHQX1RWVpbi4uK0
efNmHT58WFlZWQoKClKHDh3UqVMnNWzYUEajsbq76TCTyaTp06fr4MGDDoUa1hQGG2+99Zbc3Fxv
BlxhgJWbm+vwuQaDQW5ubvL29ibgAQAAQLWIj49Xo0aNquRamzdvVkpKSqnHDB06tEr6UujqegJF
lTCZTFqzZo2OHj2q/Pz8Evt9fHzUp08ftWnTxuUf9Mxms1JSUnTo0CHt2rVLx44dU05OjmV/UlKS
fvnlF+3YsUORkZHq1KmTwsPD5evrW429tt/Ro0f1wQcfyGQyOaW9woBk8+bN6tWrl1ParCpms1nZ
2dnav3+/jh8/7vD5BoNB/v7+atu2rerWrXvVBXwAAACo2ebNm6egoKAqCzi2bNmiI0eOlHoMAQdq
vISEBO3evVunT5+2eUxwcLAaNmyooKCgKuyZc2VlZWn9+vXatm2bzp07V2oIkJKSoi1btmjHjh1q
3ry5evXqpXbt2snDw6MKe+yY+fPna9OmTRUetWHN4sWLLQHH+fPnFRoa6vRrOFtubq7279+v+fPn
l2sEh3Q55Ni6datuvfVWRUREOLmHAAAAgHXz5s3T5s2bqzxQqGkIOOCwtLQ0qyM3irp06ZJlCocr
MZvNiouL0/bt23XgwAFdvHixzHstKj8/X4cOHVJcXJzWrFmjDh06qEuXLjXq62A2m/Xmm2+WGlBV
VFZWlsxmswwGgzZu3KiAgAANHDiw0q5XUbm5uTpy5IiWLl2qvLw8eXp6WvYVFBTIZDLJ3d3dMiLJ
ZDKpoKCgxLb8/HwlJSVp+fLleuSRR1x+BBMAAABqvsJwA9UccBQOCXdzc5OnpycPAy4iLS1NeXl5
pR6TlZVVbCpHTZeXl6eTJ09qzZo1io2NVV5eXoVGNuTm5urkyZOKj4/X6tWr1bNnT/Xs2VN16tSp
9toUb775phITEyv1GmazWSdPnlR4eLjCw8M1c+ZMubm5qX///pV63fLIzc3V4cOH9f333+vChQvy
9vZW+/btJV3+uUhISNDFixcVGRkpX19fFRQUKDk5WQkJCSW2HT9+XAUFBUpLS1NmZqbLTFUCAACA
a6qKcCM+Pl4LFy4sczqKNY8//nix1xERERo9enSlTaOp8oAjPj5eMTExio2N1alTpyyFKr29vRUV
FaXWrVurY8eOqlWrVpX26+eff1ZSUpLl9YgRI1S7du1yt5eUlKQ9e/bo9OnTGjdunDO6WGOcP3++
zCH8Fy9eVHp6ehX1qPyys7N18OBBrVy5UufOnSszuHGUyWTSpUuX9Msvv2jjxo2KiIjQ4MGD1aBB
g2qZvjJ//vxKHblRyGw268CBAwoPD1dAQIDMZrMWLFigJk2aqGnTppV+fXtdGW5IUmBgoOXvbEZG
hlasWKF9+/Zp6NChatKkiXJzc7Vr1y4tX768xLbC2h35+fm6cOECAQcAAEAZihaq7N69u4KDg+06
tjyKtp+cnKwtW7Y4dH5QUJB69OhR7us7W1WN3ChvuGHNkSNHtHDhQj366KNOae9KVRZwZGVl6Ycf
ftDvv/9udX92drZiYmIUExOjpUuX6tZbb1WHDh2qpG/79+/XkiVLim0bMmSIw+1kZWUpNjZWW7Zs
0b59+ySpRj3M2Wvfvn1KSUlRq1atFBwcXGzEQXx8vOLj48sMONLS0nTixAk1bty42PSM7OxsnTx5
UgkJCWrQoIFatWpVafdRltzcXH3++ec6fPhwpdShuFJWVpb27Nmj2NhYde3aVTfffHOVrrpy9OhR
bdq0qcqul5CQIEmWnxWz2az33ntPb7zxRo2oTWIt3AAAAEDVKlqoMiIiotSAw56ilqUp2n5ycrKW
L1/u8Pk1JeCoymkpzgo3Kqu9oqok4MjKytKnn36qo0ePFttev359hYSEKC8vTydOnLBMacjIyNAX
X3yhO++8s9J/gLKysrRw4cJyn28ymXTixAnt2rVLmzZtUnZ2thN7V7XMZrMSExM1e/ZsFRQUaPHi
xWrVqpU6deqkFi1aaPXq1dqxY4fS09NtLhFbKDMzU2vXrtWhQ4c0cOBAhYeH6+DBg9q+fbsSEhJk
NpsVFRWlevXqVVt9ioKCAp0+fbpKwo2icnNzdfToUZlMpioLOEwmkz744IMqvdfCETxFR0YVFBTo
jTfe0PPPP19l/bCGcAMAAACuipobtlVJwPHDDz8UCzf69euna665RiEhIZZtOTk52r59uxYsWGCZ
JvD111+radOmqlevXqX17aefftK5c+ccPi85OVkxMTHatGlTpdczqComk0lLly5Vdna25UF47969
io2NldFoVG5urt21Kcxms/Ly8hQfH69vvvlG7u7uysvLU35+viUcOXXqlLZv365BgwZV6n1B+uST
T5y2FKy9CgPLKxPapKQkJSUlqU6dOlXan0KEGwAAAK7J1rSGI0eO6P3335d0eZSFo9MfynNOdSHc
KF2lVzuMi4srNi1l6NChGjt2bLFwQ5K8vLzUu3dvjR8/3rKtoKBAv/32W6X17dixY1qzZk25zl22
bJkWLlxYItxo3bq1IiMjndG9KlVQUKDdu3crNja2WICRn5+vrKwsZWRkKDc31+ERACaTSdnZ2crI
yFBOTk6xkR/p6enat2+fjh075rT7QEl5eXmKjY2t8ut6eHjIbDZbpqoUMpvNmjZtWpX3RyLcAAAA
gOuyFm50795dERER1dSjmqfSR3AULdxSt25dDRo0qNTVUjp06KDo6Gjt3btXkrRr1y6NHj3a6UP5
c3Jy9N1331led+/e3eEiM4UaNGigHj16KDo6WqGhoVqyZIkOHz7srK5WOrPZrMzMTK1atcrpRTZL
YzKZlJiYqB07dqhRo0bFluaE83z77bdWgymDwSCDwSB/f3/Vq1dPDRo0kL+/v9zc3JSenq5Tp04p
NTVVycnJys/Pdzjc8vPzk3R5tNOVsrOzdebMGdWvX798N1UO9oYbZrPZUjckLy9PBQUFlhFJhaOY
Cr8eV24DAAAAKsOsWbO0ffv2Ytu6d++ucePGWUavoJIDDpPJpJiYGMvrnj172lVcsEOHDpaAIz09
XZmZmRVa0cSatWvXWj5Z7tSpk7p27epQwOHp6anrrrtO7du3V3h4uEsvcZufn6+tW7fqzJkzVX7t
7OxsHT16VAcPHrQszVkT+fr6ql27dnJzc9P+/ft18eLF6u6SXcxmc7FfhIU/p926ddOwYcMUGBgo
6fJIq59//lkbNmywPKj369dPkyZNksFgUG5urrZs2aJFixbZHXbUrVtXmZmZVh/8zWazvvnmGz32
2GPOuM0yFYZp9ozcyM7O1q5duyx/TkpKUm5urg4dOqQLFy4oPz9fJ0+etLoNAAAAcLZXXnlF58+f
L7atMNxAcZUacFy6dKnYUqH2flobEBBQ7LWtFTu2bt2qlStXysPDQ6NGjbJ7RY74+HitWLFC0uXl
aUeNGlWsEKI9br755mKri7gqs9msS5cuacOGDWUWDr1SaGioWrZsqbp168rDw0NZWVmKi4vTsWPH
lJGRYff1k5KSFBMTo1atWtXIURxGo1E33nijpeBtRkaGli9frl27dunSpUtVXqTUERcuXLB8X728
vDRu3DhLkJSVlaUvv/xSMTExMpvNxe7DYDBoyJAhlkDE09NTffv2Vd++fXXhwgXNnDlTp06dsnnv
BoNBLVu21Nq1a20eExcXJ5PJVCV/j/Lz83X27Fm7pqWkpqZq7ty5JbYX/s4oaxsAAADgLIQbjqnU
gMPd3V0TJ060vG7UqJFd52VlZRV7XatWrRLHpKen66uvvrI8vM2ePVtTpkwpcypLfn6+FixYYDnv
xhtvVHBwsMMBx9UQbhQymUwOTU3x9PRUp06d1K1bN9WtW1eenp4yGAwymUzq2LGjjh07pt9//11x
cXF2hSaFQ/1ralBgMBhUt25dy2s/Pz+NHTtW/fr108aNG7Vr1y6lpaXVyP6vXr1a0uVArm/fvjIY
DDKbzfrss8+0b9++UgMKX19fq/tCQkL05JNPKikpSa+99prN73HLli01a9Ysm30zmUxKTU2ttlV0
AAAAgJqMcMNxlRpw+Pj4qEOHDg6fV7QoYdOmTeXj41PimCsLVmZkZCg/P7/MgGPjxo2WFV2ioqJq
zDrG1cVgMKh27dq6/fbbtXLlSh0/frzMczp16qT+/furfv36cncv/iNUq1Yt+fr6ytPTUwUFBYqL
iyu1rcKpH/369bNr+lJ1uXIKkpubm+rXr6+bbrpJnTp10pYtW3TgwAGlpqZW+WolpYmLi9Prr79u
+Tt04sQJvfvuuzKZTKUGMqGhoWW2XadOHf3nP//RjBkzLKNACnl4eOjUqVMlwsqizGazYmJiNGDA
AAfuCAAAALj6EW6UT5UsE+uI3NzcYpVhu3btavW4kJAQ9enTRxs2bJAkjRo1Sl5eXqW2fe7cOS1e
vFjS5WkHN910k9OLl7oiDw8PRUVFyd/fX7/++qu2bdtm8+E3NDRU3bp1sxpuFPL29lZUVJTOnDmj
pKQkm9NVgoOD1bNnT3Xp0kXBwcEuOSrGzc1NzZo1U5MmTXT69GmtX79eO3bssDmtqqr94x//kHQ5
TFi2bJl+/vlnu0aaNG3a1K66MgaDQRMnTtTWrVs1d+5cS9s9e/bU9OnTy7zWgQMHCDgAAABQrbKy
snTkyJFSjwkODlZwcHCV9MdauNG6dWvCDTvUuIBj48aNSk1NlST5+/urS5cuVo8zGAy65ZZbNGjQ
IBmNxhJ1O65kMpm0aNEiy4PnsGHDFBYW5tzOuzB3d3eFhYVpyJAhysnJ0d69e62ORCisuWEr3Cjk
4+OjZs2a6dChQ1Z/WQQGBqp79+7q1auX/P39nXYf1cVoNKpx48YaPXq0unTpom3btmnXrl3Kycmx
eU5VFaY1m8369NNPtW/fPrvPadKkiUPX6Natm3x9fTV9+nRJl9cSt2eJ57Nnzzp0HQAAAMDZEhIS
ylyJZOjQoRo2bFil98VauCFJgwYNqvRrXw1q1EfmCQkJWrJkieX1yJEjrdbfKGQwGBQcHFxmuCFJ
27ZtszzghYWFqX///hXv8FXGYDAoNDRUDRo0sPnwXVhzwx4BAQE2wwsfHx/Vr1+/WsMNDw8Pp4cM
haNXbrvtNo0YMcLmcQaDocpGD3366afav3+/Q+cUrq7iiDZt2mjChAlq3LixZs6caddIEXuL0QIA
AABXO1vhBuxXY0ZwZGZmas6cOZZilx07dlS3bt2c0vbFixe1cOFCy+uxY8eWOZ3lz8xoNNp88Hck
FDAajTYf4g0GQ7VPSTEajZVW98NoNKp169aWop5X8vb2rpIRHGvXrnVo5Eah8n5dOnbsqO+++87u
OiQ1qV4JAAAA/pyCg4PVvXv3Uo+JjIys1D4QbjhHjQg48vPzNW/ePJ0+fVrS5U/+R48e7ZQHQLPZ
rMWLFyszM1OSNHDgQLVo0aLC7V7NcnNzbX76npWVZfdDaW5urs1aFCaTSfn5+eXuo7P4+fkpOTnZ
qW0WFBQoPT3dZr2LwgKlVaFosOeI7Oxsh88pnArjyKiMsqY6AQAAAJUtODi4Sqaf2EK44TzV/nRh
Npu1aNEi7dmzR9LlT47vueeecg2RtyYmJkbbtm2TdLkw6ZAhQ5zS7tXIbDZr37592r9/v80QIy4u
Th07dix16lCh8+fP21x+NzU1Vfv27VNoaKjD9R6cxWAwKDAwUCdPnnRam2lpadq2bZuWLVtmc+ld
g8FQbfdsrwsXLjh8zuzZsx0eLeKsv+cAAACAKyLccK5qDzh++umnYsUIb7/9djVv3twpbWdkZBT7
BHv06NF2PZj/GWVnZ2vbtm3avHmzEhMTbY7gOHbsmI4dOyZfX195e3vbbC85OVmHDx+2GXBkZWXp
wIEDKigoUPfu3dWyZctq+TS/fv362rNnj131Ikpz/vx5xcTEaMeOHUpMTCy2hPGVjEajIiIiKnQ9
e9maIlOWY8eO6dprr7XrWLPZrHfeeafMJYGtodAvAAAA/qwIN5yvWgOODRs2aPny5ZbXo0aNsrks
bHmsWLFCKSkpki4vNxsdHe20tq8WZrNZWVlZWrVqlXbt2lXmJ/cZGRn6/fff5enpqaioKPn4+JQ4
Jjk5WZs3b9a+fftKXUUkMzNT+/fvV0ZGhjIzM9WpU6cqDzmaNGkiNze3UgOJ0qSnp2v37t3atGmT
EhIS7Jq+ExAQUGUjF+rWraszZ844fF58fLzMZnOZ08SysrL0wgsv2BytUhb+TgIAAODPyNFwIzs7
W1lZWVafvwr3l/YB9J9FtQUcu3fv1jfffGN5PWjQILs/MbZHbGxssZEhUVFROnr0qM3jExISir2O
i4srVpuhRYsWVbasZ1XLzs7W5s2b7a6dEBcXp4KCAp09e1ZNmzZVQECA3N3dlZOTo/Pnz+vw4cPa
t2+fXbUtcnNzdeLECdWuXVvt27ev8oAjIiJCtWrVUnp6eqnHXRlc5Ofna/369dq6davOnj3r0AN+
/fr17V6JpqI6d+6sZcuWOXzexYsXSw04CgoK9P3332vjxo3lHv1iMBjUqlWrcp0LAAAAuCpHw438
/HzNnj1bISEhevTRR0uEHDt27NDBgwfVpk0bZ3fV5VRLwHH06FHNnj3b8rpPnz4aPny4UwOEK4sr
zps3z6Hzv/zyy2Kvp02bVmkrblQng8EgLy8vhYWFKTY21q5zCgoKFBcXpwsXLig2Nlb+/v4yGo3K
zc1VUlKSkpKSSh25cSUvLy+FhIRU2bKpRfn4+Khnz576+eefbR5jMpm0c+dO1a9fXwaDQXv37tWG
DRsUHx9frpELvXv3rrKwrE+fPlq+fHm5QojExMQSU0jy8/O1dOlSrVu3rsJFYj09PW0m0AAAAMDV
qDzhxt69e9W8eXNlZ2fr/fffLxZyzJ07VydPnlR+fr72799frlp6V5MqDzgSEhL0xRdfWB4MO3fu
rDFjxjh9ydA/+zfWEd7e3urTp49OnDjh0OoZ6enpZY58KIvRaFTDhg2rZXpKoW7dumndunU2QxmT
yaR169Zp3bp1Fb5W48aNqzRZ9fX1lZeXl8OropjNZi1YsECTJk2y1GdZs2aNZcqXM3Tr1u2qHRUF
AAAAXMkZNTcSEhIsIceCBQu0ZcsWy76K1hW8GlTpE2VycrK++OILy1SINm3a6Pbbb6+UB9vhw4c7
9A0+f/68NmzYYHk9ePDgYgVJq2N0QVUxGo2KiopS+/bti/0FqQoBAQFq27atGjVqVKXXLSo0NFSt
WrXS7t27K/U6RqNR119/faVe40oGg0GDBw/W4sWLHf6Fd/ToUT333HPKzs52+i9Lg8GgESNGOLVN
AAAAoKYqb7jh7u6u6Oho+fn5WT60TEhI0Msvv6ysrCzLcUajUW3btlVISIjT+uyKqizgyMjI0Bdf
fGFZVaNZs2YaP368vLy8KuV6AwcOdOj4Q4cOFQs4evXqpeDgYCf3quby9vbWgAEDdOjQIV28eLFK
runp6anw8HC1b9++Sq5ni5ubm0aMGKETJ05U6r03adJEkZGRlda+Lddee60WL17s8Hlms1ndunXT
+vXrnR5w1K9fn+kpAAAAKOb9998v85iIiAg9+uijTr3ukSNH9Pjjj1fatSs6csPd3V3jx4/X0qVL
dfr0aUkqFm54eHiobdu28vPzK/c1rhbOnRdiQ05OjmbPnq1Tp05Jkho2bKh7772XJVtrEIPBoIYN
G6p79+7FpgsFBQWpTZs26tGjhxo0aODwaBtfX1+1bNlSnTp1Unh4uHx9fS37goOD1a5duxoRJIWG
hmrAgAGV1r6/v79uuummanmoNxgMuvHGG8t17vr16/WXv/zFqVNJDAaDnn76aae1BwAAANRUzloK
1tvbW4899pjVlVJ69OhBuPE/lT6CIz8/X/Pnz9fBgwclSSEhIbrvvvsUEBBQ4ba3bt2qlStXysPD
Q6NGjWJFhgpyc3NT7969derUKWVlZSkwMFBNmzZVVFSUQkJCtHfvXu3bt09HjhxRRkZGqUuiuru7
q2HDhmrVqpWio6MVEBCghIQEHT9+XKdPn1ZWVpZatGhRY75nBoNBXbp00aFDh3Tw4EGnjlgwGo3q
3bu3GjduXG01JwYOHKjly5c7VPxVulx/5KefftLo0aO1cOFCp3xd+vXrd1VP+QIAAID9unfvroiI
CLuPt/bhaHBwsIYOHWpzv612Cs+pyLVL46xwo9CCBQus1tbbs2dPuT6MvhpV+ldg3bp12rFjh+V1
Xl6eZs6c6XA7119/vTp06GB5nZ6erq+++koFBQWSpNmzZ2vKlCk8OFVQUFCQRowYoYyMDIWFhcnP
z8/yUN61a1c1a9ZMP/74o/bv36/c3Fyb7dSuXVs9e/ZUt27dLEuiBgYGKioqSsnJyUpPT1dQUFCx
ER3VLSAgQGPHjtVnn32mM2fOOKVNNzc3dezYUQMGDKjWn02DwaAXX3xRzz//vMMhxbFjxzRgwACN
GzdOc+fOrVDIERgYqDFjxpT7fAAAAFxdevToUeE2goODNWzYsEo/xxHODjd+/PFHnThxwuq+1NRU
XbhwQdHR0U67nquq9IAjNTW12Ou0tDSlpaU53M6VD9M5OTmWcEO6XOMjPz+fgMMJSiv4GRISooYN
G+ro0aOlBhxBQUGqU6eOJdwo5OHhoXr16qlevXpO668z1alTR2PHjtXXX39tqRdTEZGRkRo1alSN
mI7l5+ene++9VzNmzHAopDCbzZo5c6amTJmiF198UVOmTClXyGE0GjV58uRqG8Xi7JWaSmMwGPhd
BAAA8Cfl7HDjyJEj2rVrl2WEhoeHh3r06KGYmBilpaUpMzPTspxsVS9qUNNU3Tt+JwsJCVGfPn0s
r0eNGlVpBUtRXEhISIng4kq+vr414qHeUQaDQVFRUbrlllsUFBRU7odxg8GgiIgI3XHHHQoMDHRy
L8uvQ4cOGjp0qMP3ZTKZ9MILLyggIEBvv/22mjRp4lAbbm5uevHFF6utsKjRaFRgYGCVhA4Gg0Ee
Hh6qU6dOpV8LAAAANYuzw43s7GxduHBBmZmZSktL06VLlxQWFqaLFy+qYcOGys/PV35+viQpMzNT
iYmJTru2KzKkpaW57GK5ZrNZKSkpMhqNTqnpAfvExsbq+++/19mzZ20e07t3b1133XUu+5BnNpt1
7tw5zZgxw+FfEkajUZGRkbr77rtr1BScolauXKlly5Y5PBLDzc1NL7/8svz9/XX69GnNnDlT586d
K7Udo9GoF198UQEBAdU2ekO6vEz1559/roSEhEpdI9zT01Pt27fX+PHjK+0aAAAAqHmcHW4UysjI
0L59+ySpxGophSM3MjMzFRERobvvvtvpU2+eeeYZq7U/ysvb21tvvPGG09oryqUDDlSP8+fP67vv
vtOpU6esFho1Go3q16+f+vbt6/LVfFNSUvTLL79o586dysjIKPVYg8Gg0NBQ9e3bV3379q3xUxQO
Hz6sjz76qNRisdYYjUY9+OCDlgKxFy5c0MqVK7VlyxZLcFD4f39/fz377LPy9vbW9OnT1aJFC0VH
R+vChQtq27atc2+oDPn5+Tp27JgWLlyo9PT0Sgk53N3d1ahRI40ZM+ZPvwY5AADAn8nOnTu1fv36
Smvfx8dH3t7eVt9j5uTkKDExUU2bNlVkZKRDRVvtsXz5cq1YscJp7Q0dOrTS6p8QcKBctm3bpoSE
BMtwqKJ8fHwUHR2tJk2aVEPPnM9kMik2Nla//fabDh8+rLy8vGIPx25ubvLz81P79u01YMAAhYaG
VutIBUfk5OTo9ddfV0pKikPnGQwGtW7dWg899JBlm9lsVnZ2thITE7V582Z5eHho7Nixlq/F4sWL
5e7urtq1ays1NVXDhw936r3Yw2w2Ky0tTbGxsQ6vKFMWg8Egf39/tWzZkulyAAAAuKocOXJEhw8f
rnA7lRHAFEXAAdjBbDYrMzNTJ06c0P79+3Xo0CFduHBBjRs3VqtWrdSmTRvVr1+/zNokNZHZbFZC
QoLefffdEuFNWQwGg8aPH68uXbpUYg8BAAAAoGwEHICD8vPzlZGRoezsbPn5+cnX19dlRmyUJT4+
Xt9++61l+pE9YYebm5s8PT01adIkhYeHV0EvAQAAAKAkAg4AJZhMJqWkpCgmJkYHDx7UmTNndOnS
JeXl5cnT01OBgYEKCwtTu3bt1Lp1a/n4+Fw1IQ8AAAAA10TAAQAAAAAAXJ5bdXcAAAAAAACgogg4
AAAAAACAyyPgAAAAAAAALo+AAwAAAAAAuDwCDgAAAAAA4PIIOAAAAAAAgMsj4AAAAAAAAC6PgAMA
AAAAALg8Ag4AAAAAAODyCDgAAAAAAIDLI+AAAAAAAAAuj4ADAAAAAAC4PAIOAAAAAADg8gg4AAAA
AACAyyPgAAAAAAAALo+AAwAAAAAAuDwCDgAAAAAA4PIIOAAAAAAAgMsj4AAAAAAAAC6PgAMAFlx2
8AAAIABJREFUAAAAALg8Ag4AAAAAAODyCDgAAAAAAIDLI+AAAAAAAAAuj4ADAAAAAAC4PAIOAAAA
AADg8gg4AAAAAACAyyPgAAAAAAAALo+AAwAAAAAAuDwCDgAAAAAA4PIIOAAAAAAAgMsj4AAAAAAA
AC6PgAMAAAAAALg8Ag4AAAAAAODyCDgAAAAAAIDLI+AAAAAAAAAuj4ADAAAAAAC4PAIOAAAAAADg
8gg4AAAAAACAyyPgAAAAAAAALo+AAwAAAAAAuDwCDgAAAAAA4PIIOAAAAAAAgMsj4AAAAAAAAC6P
gAMAAAAAALg8Ag4AAAAAAODyCDgAAAAAAIDLI+AAAAAAAAAuj4ADAAAAAAC4PAIOAAAAAADg8gg4
AAAAAACAy3Ov7g4AAAAAQFV66aWXtHnzZoWEhKhZs2bq0KGD+vTpowYNGlR31wBUAAEHAAAAgD+V
48ePa8OGDcW2eXh4aNKkSXr66afl7+9fTT0DUBFMUQEAAADwp5KamlpiW15ent59913df//9ys/P
r4ZeAagoQ1pamrm6OwEAAAAAVSUnJ0fJycn67bff9Mgjjyg7O7vY/p9++km9evWqpt4BKC9GcAAA
AAD4U/Hy8lKDBg106623qnPnziX2nzt3rhp6BaCiqMEBAAAA4E8lJSVFp06d0sqVK7Vx48Zi+zw8
PBQdHV1NPQNQEQQcAAAAAP5Upk6dqo8//rjE9ubNm+v1119XixYtqqFXACqKgAMAAADAn0rDhg1L
bJsxY4ZuuOEG+fj4VEOPADgDAQcAAACAP5Xo6GiNHj262LZu3boRbgAujlVUAAAAAKAczGazTCaT
jEZjdXcFgFhFBQAAAADKZf369QoKCqrubgD4H6aoAAAAwKVkZWVp//79VvdFRUWpdu3aFb7GwYMH
denSpRLbQ0JC1LRpU4fbS0tL086dO3Xw4EGdOnVKGRkZ8vT0VFBQkEJCQtS2bVu1a9dO/v7+drfp
zK9DaW1FRkY61C9HnDt3TgcOHFBsbKySkpKUmpoqSQoMDFRoaKjatm2rtm3b2n39xMREnT59usR2
o9Gojh072t2vnTt3ymQyldgeFham+vXrW15nZ2fb3SaAykfAAQAAAJcSHx+va665xuq+devWOfQg
a8uUKVO0ZMmSEtufeuopvfjii3a3c/ToUU2fPl2zZ89WRkZGmcdPmDBB999/vzp06FDmsc78Opw/
f95mW2vWrFGXLl3sbqssZrNZq1at0rx58/T999+Xeby3t7fuvfde3X333Wrbtm2px/7000967LHH
Smxv2LChDh48aHcfR48ereTk5BLbP/roI911112W1+fOnbO7TQCVjykqAKrN2XPn9dv6jfptw0Y+
AQEAXFXy8/P10UcfqVevXvr444/tCjck6csvv1S/fv30z3/+86r8tzEuLk533XWXxo4da1e4IV0e
JfHxxx+rV69eeuutt5STk1PJvbTfgQMHqrsLAIog4ABQLS6mpuqlf72qt9//UKmpafL29q7uLgEA
4BQ5OTl6/PHHNXny5HKHFG+//bbuuusuq9NkXNXu3bt1ww03aPHixeVu46WXXtLDDz9cI0KOnJyc
Ct0LAOcj4ABQ5XJycjX132/p7LnzuvO2WzTihqHV3SUAAJzmueee0+zZsyvczsqVK/XMM8+ooKDA
Cb2qXmfPntXtt9+u+Pj4Crf13Xff6dlnn3VCr8ovPz9f//73v3X8+PFq7QeA4qjBAaBKmUwmvffh
xzp0+IjG3jRKN4+5qbq7BCsKC6u5uZGDA4AjFi1apOnTp9vc37BhQ40YMUJhYWEymUw6e/as1q1b
Z7PA56xZs9SvXz/ddtttldXlKjF16lQlJCTY3H/zzTerZ8+eCg4OVkFBgeLj47Vs2TJt3brV6vGf
fvqpRo0apQEDBlRWl63aunWrzp07p4ULF2r37t1Vem0AZSPgAFClDh46rICAAN0zfpxGDh9W3d3B
Fcxmsz6fOUvLVqyUwWDQ5Kf/rm5dOld3twDAJZw5c0ZPPfWU1X3e3t567bXXNH78eHl5eRXbZzKZ
9Msvv+jRRx+1ugLIK6+8omHDhlXaSiaV7fz585o1a5bVfREREZo1a5aio6NL7Pvb3/6m2bNn69FH
H7V67rvvvlvlAceMGTOq9HoAHMNHcwAqRW5urt5+/0PdcufduuXOu/XlnHkymUxq06qlHrzvHo0a
cYMMBkN1dxNXmPf1t1q2YqXCmzSRl5eX/v3Wu9q7z/qnigCA4ubPn29zVY3p06fr/vvvLxFuSJdH
y11//fWaO3eu1XNPnDihZcuWObWvVWnnzp3Ky8uzuu/DDz+0Gm5Il78uEyZM0NNPP211/6pVq6wG
QlXJ29u72qfLAPgDAQcAp0tLT9eUV6fqt/Ub1a1LZ7WMitQPi5fqrXc/UE5ObnV3DzYs/HGJvl/4
gxo3CtPLL/yfnnvmKRkMBr32xjQdOnKkursHADVaVlaWzakpt99+u266qewpmV26dNHEiROt7luw
YEGF+ledzpw5Y3V7WFiYevbsWeb5RZdlvdLhw4fL3a/y8Pf3V/fu3XXHHXfoww8/1I4dOzR58uQq
7QMA25iiAsCpzpw9q1en/lsJpxM1asQNunvcHSooKNAH/52u39ZvVHJyip556m8KCHDNYbZXq5Wr
ftHsuV+pbmioXnx2svz9/dW2jb/+8ffH9dqb/9Err72pf730vMKbNKnurgJAjbRp0yabBTQfeugh
u9sZMWKEvvjiixLbV6xYofT0dNWuXbvcfawuZrO5QueHh4erefPmVoutpqWlVahtR02dOrXUwAVA
9WIEBwCnOXT4iCY//5JOJ57RAxPv0T3jx8nNzU0eHh564pFJGjv6Rh08dEjPvviSTicmVnd38T/r
N/6uTz6bocDAQP3z+f9TSEiwZV+Xzp30xKOTlHHpkl5+ZaoSE61/CgcAf3Y7d+60uj08PFwdOnSw
u51WrVrZ3BcXF+dot2qE0NBQq9sTEhL066+/lnm+m5ubdu3apT179pT4b+TIkU7uLQBXxggOAE6R
kZGhrdu2a2D/vurQLlqdOhZ/M2cwGDTu9lvVpHEjHT12XBs2btKNI4fL09OzmnoMSUpPz9Dx43Ea
OXyYrhnQXw3q1ytxTL8+veXm5qbDR45q6/YdGjl8GPVTAOAKmzZtsrq9b9++cne3/y13/fr1tXTp
Upv7XFG7du1s7nvggQf0wQcfaMiQIfzbAqDCCDgAOIWfn5/G3VH2Enb9+vRWvz69q6BHsEft2n4a
P+6OMo/r06un+vQqe540APxZbdu2zer20kZkWOPu7q5+/fo5o0s1RuPGjTVq1Cj9+OOPJfadO3dO
t956q2644QY99NBD6tevn0OBEAAUxW8PoAolJV3Q75u3OLXN1q1aKqJFc0nSiZMnFbNnnyTpmoH9
5efrW+52N27arAsXklW7tp8G9rf/jVbC6UTtjtmjA7GxSklOUcrFi3Jzc1NQYKCCg4MV3ba1OrRr
p9DQOna3WfS+unfrqnp1rQ91tUfM3n06ceKkjEajbhg62KFz4xMStHNXjA4eOqSU5ItKuZgid3d3
+fv7K7xJE7VuGaUunTuqVq1a5e5fURX9fv667jelp2dIkqLbtlazpk2ttl1eFf0ZA4CrRU5OjpKS
kqzuCw4Otrq9sn355ZdasWKF3cenpqZWYm+kl156SatXr1ZGRobV/cuWLdOyZcsUERGh2267TUOG
DFH79u3l5saMegD2I+AAqtCZc+c0Y9Ycp7Z57913WQKOI0ePW9rv1rVzhR4+V65arZg9exXepIld
AcfhI0c1c/ZcHTgYa3V/wunLNTfWrd9g6d/dd96hsLCGZbZd9L42btqsV156QUaj0d5bKWbrtu1a
uvwn+fh42x1wxB46rBmz5ujQYesriSScTtSBg7FasfJneXt7a+jgQbp59I0VDjoq8v38dsEiffX1
t5Kk7l27lLjXom2XV0V/xgDganHp0iWb+6qrKOjnn39eLde1JSIiQnPnztWECRN08eJFm8cdOXJE
r776ql599VW1adNGd955p2655RY1aNCgCnsLwFURcABVyNPDQw0alD5/Ni83T0kXLkiSAgMC5FPL
p9TjnTVaoLxMJpO+nDNPi5cut2wzGAxq1TJKjRs1UlBQoEwFBUq5mKqjx47r+P8KpG3dtkPbtu/U
XXfertGjRth9vdhDh7Vg0Y+6ZexoZ99KCSaTSTNnz9WSZX98AmY0GhXdto0aNqivwIAA5RcUKCUl
RfsPxOp0YqKys7O16MclWr/hd/3tsb+qdauWld7PK61c9Ysl3Ihu20Z/e+yRUgOh0NA65RoObHQr
X8gEAFebzMxMm/uYbvGHa665RsuWLdOTTz6p33//vczj9+/fr+eff16vvPKKJk6cqEcffVRhYWFV
0FMArorfuEAVioqM0Ifv/KfUY44dj9NTk5+TdHl0Rr++NbdeRV5ent7/6BOt33j5TYqHh4duHnOT
rr92oAIDA62ec+78eS1ZtkJLl/8ks9ms2XO/UkpKiu69+y67i4vN//Z7dejQTlEREc66lRLy8vL0
3kf/1YaNl4vG+frW0h233qL+/frYHLVw5Ogxff3dAm3fsVNJFy7opVde1zNP/U2dO9pfPb+ift+0
RZ98NkOS1KJ5M01+6m/y8iq9kOvLLzyr+vVKFhcFAMDZoqOj9eOPP2ru3Ll68803dfr06TLPyc7O
1kcffaQ5c+ZoypQpuueee5i6AsAqfjMAKLe587+xhBthYQ313n/e1C1jbrIZbkhS3dBQTZwwXv9+
/RUFBgRIkiXwsJfZbNa7H3ys7Ozsit1AKeZ89bUl3GgZFan3356mG4YOLnVKRkSL5nrumaf0lwfu
k8FgUF5enqa99a4SEsp+8+YMMXv36a33PpDZbFZYwwZ6bvLT1T7CBwD+DEobJWc2m6uwJ67By8tL
EydO1KZNmzRt2jRF2PmBRVpamp544glNmjRJWVlZldxLAK6IERwAyiVmz179uGSZJCmsYQP968Xn
Sg02rtS8WVP965/P6/mX/6XU1DR9OWeeotu2UdPwJqWed8etN+urb75TYuIZzZw9T395YGJFbsOq
XbtjLFNuoiIj9MKzz6iWT+lThYoaPOhaeXp66L0P/6vsnBy9//Enev1fL1Xq8ndHjx3T1Df/o4KC
AtUJCdGLz062BEgAgMpVWpick5NThT35w4MPPujQsrKpqal69913K7FHJQUGBurBBx/UhAkTtHHj
Ri1evFjz58+3WYi00Lx58+Tp6al33nmHkRwAiiHgAOAws9msz2fOknS53sYTj/7VoXCjUFhYQ/3l
gfv0xrS3VVBQoFlz5unF5yaXes6A/n0Vf/q0flu/UStX/aIunTuqW5fO5boPa4rem5eXpx5/ZJJD
4Uahgf37aXfMXq39bb0OHT6i3Xv2qmP7dk7rZ1EJCac15bU3lJ2TI39/f/3zuckOrVIDAKgY31JG
95VWn6My3XXXXerYsaPdx588ebLKA45CXl5euuaaa3TNNdfopZde0q+//qo5c+aUugrMzJkzdf31
12vkyJFV2FMANR2RJwCH7dm7T6fiEyRJI4cPU4vmzcrdVo9uXdWzezdJ0q6YPTp5Kr7Mcx6YeI/q
hIRIkj7876elVmN31K7dMZYVX24efZMa1C9/bYrbb73Z8ue169ZXuG/WJF24oJdfm6r09Az5+Hjr
xWefsWtlGgCA87i7u6tRo0ZW99lTYwJ/8Pf316hRo/TNN99o3bp1uv76620e++abbzIFCEAxBBwA
[...]
KvL5T2+0+4jd4mc/ujwuvuiCGDhwQEnHLoVK794Cb/T02M5/3/eOvfda89+/u3Z0KZezxoIFC+Nv
jz5alrEBSkHgSKKru5occdgHoqmpqSRr+MiHj+nScc+7RYUSaNh+h6jfYnBJbs1oPPDg0i2srX3t
87WW7sGMvff/l5LdnlK/xeBo2H6Hkq0NOuMrX/pi7LD98Nhn773itE9/qtrLeZPmVaXbNh264r77
H+zU+4dtMzQGb7nFmq/LeRXSr6++JlpbW8s2PkAxBI4kFi58uUvH7bXn7iVbw/bDh3f52FJsOwu9
DzgwVm8X2/VX3RaDo36bYSVbU6Gtfa3zrf790mgYvn3Ub/3qlrnFvVafS+iY124nXqwPHX3k6x48
vf9++3a7nRk22ND25lTPE2OeinmdvC3svaPes2Zb2KfGjotXXun6c9vWZe7ceTFj5syyjQ9QDIEj
ia4+YHTAgI1LtoaBRYw1Z25pL29m/dQ4cmTxDxd997tLu6h1XcFRwsAR8c/bSkpxFcvIkSVdFz3b
/2/vzsOiLPc/jn9mg2FAUTFR1MwlLPelTMzKJLNST6u4tVhWtpt6tLLMSrOV6nTK9pN2ssVOnkot
rSw75ZKaYpulliUqaqGyODDMMPP7g6T8AQLDMM888H5d11xHZp7nvr8z10nhw31/7/j4mh93LEkO
h0PnDT77iOdcLldQTbBjY10hW6H4/yU2a1Yr4wJVseyjj6t9T4cOf24j/mDZh6Esp1wbNm6q9TkA
IBgEHCbh9XqDus9qtYWshpqMVUhDKoSA4/hkRXWu2ckfzn6hCziK9+yRKutQHwio+LffQjZnKPqH
RHXuwvYUVEty8vEhGadF80S1bJlU5vmzB6XqmKZNqzzOWQPP1HNPP6nnnv6HenQP3UrFw45rE9qG
vkB1fFfN3mU2m00tW/y5PWVjRu03d1+5mj4cACITAUcd5/eHbv9/sCGLJDljgj9mFvirmHPPrdH9
jo4dQ1SJVPxb1VYmFe8K3VJee5DNfv+qpp8h6p+e3UNz4s6lo0aWnvLwV66YGPU/NaVKYzRp0lgT
brpeic2aqXliombcebsaNmgQkvokyWKxqHWrliEbD6iOdV9t0L5qhuJ2u102e8kvoXw+n3Jzc2uj
tCN8v3lztbfRAEA42I0uAFXTKD4+qG0qv2fvV7u2oek3EOw2GUlKaBJ5XfJhTq7B5yh/3jwVB7vt
yeeT7KH5q684K6tky0dl1+0L3QoO+f1VmrMitmbN5Bp8TujqQb1wQsdkWSwWBSpbsXQUSS2a68wB
p5d+fXisw30DxoxM03uL31dxJScT9et7ipzOP0PzuLg4nXF6fy1a8kHQtf1VlMOhlkllV5kAtc3j
KdIj6U/U6L8zfwhP7jqa4mK/Pvx4ucaMrP72MiAUvF6vNn39jX7Pzja6lFp3XJs2Or5De9lsoVuZ
X5cRcJhEYmKzoAKGH37coj4n9Q5JDVlZWUHf24blvgih2AsvUu5zzwZ1b9H33yu6V6+Q1OGrYpO1
ql5XFd7NNTt2OfbCi0JUCeqT1q1aqlXLJGXu3BX0GAPOOP2Ir7/97nvFxsaqXdvjJEnx8fE6+6yB
+mDZRxWOERsbq3FjLy/z/CUXXhCygOPS0SNrrbcHcDTfbd6sAwcP1miMqKio0tCwtn25dj0BBwzz
xoL/aP4bC2oUCJqFyxWjmTOmq0vnTkaXYgpsUTGJpL/srayOt//7bsiWEL78yvyg7ktMbBbSDvxA
7PDhsh2TKAUs1X7kz39NgRAdb+fL3FmlOYt3Bx8O/lXA51Peiy8F9b4VsMh2TKJihw8PSS2oX+x2
u6ZMurVGvz0647Q/+9/4fD498/yLWvz+kaHEeecMPuoYl1x4vuLiyp5wkpTUQsMvujDo2g5LaNJE
I9MuqfE4QHW53W49+Eh6UPd6vV75vH/+u9aqnD43tWHrtm06cCC4U/6Amnr7nXdVXFwsv99f5x/5
+Yf0xarVRn/kpkHAYRLdunYO6j63261/z3+9xvO/895ibfvpp6Du7XRC6HoeAIfFjRkd1H1FGRnK
/ceTCtSgp8xhVd164tuzp8ZzBbxeHZhxj4q+/z7oMYL9zABJOvGEjureNbgmv6f3P7V0pYYkbczY
pK3bftKiJR/o1x07Sp8/oWOyGjdqVO4YVqtVqQPPrHCOvw09r8YrL84aOKBG9wPBev6luTpwILjV
G36/X7v/ssr2lD4nh6qso/L5ivX4P5+Wvx78Bh2R59Aht9ElhFV9e781wRYVkzi+Q4eg7/1g2Ufq
0rmzzj5rYFD37927Ty/NfSXo+XuHaDsA8FeuoUNV8OFHKvruu2rf637/fbnff78Wqiqfd/NmZYXg
9JOaiOrcWa6hQw2tAeZ3zbgrNWHyVBUVFVX5HpvNpksuuuCI575ct770z0s+WKYbxl9T+vXMe6Zr
wuSpZXpxjLjkIrVonlj69fqvNigpKUlJLZpLkpo1a6Z+ffvo409WVOctlep04gms3kDYBQIBLflg
qZZ8sLRG43y5br169ewhSbpg2FC9+dbbYVm6v+bLdfr11x1qe1ybWp8LAKqCgMMk2hx7rJzOaBUW
eoK6/5HHntBvv/2mMaOqt1fyi1Wr9dCjjwU9ryR17cJ+MdSOBuPGKXviJKPLMIUG48YZXQLqgA7t
2+mOqZO15su1Vb4nLi5ObY87rvRrj8ejzz5fWfr1l2vX6dpxV8r+R/Pf4zu0V4f27fTjlq2l1yQ0
aaLLLz1yBdLb77ynuNhY3TF1sqxWq6xWi24Yf21Q22gsFosu+Nuwcre/ALVp8ftL9czzL9Z4nI8/
WaFrrhoru92uhIQmSmrRXLtCtD3yaAKBgF546WXNnnlPrc8FAFVBwGESTme0br35Jj306GNBJ/Jz
/z1fP27dqjEjR6hD+3YVfhPo9weUuTNT7y/9UAvfea8mZavPyScF3T8EqExU926KHZGmQ28uMLqU
iBY7Ik1R3bsZXQbqiP79UtS/X9WOdC3Pm/9ZqIN/aaS4O2uPFvxnoUaPTJNUshVlUOrAIwKOfimn
lAYgkpSVtUfrv9qg2NhY5eXlKz6+oSSpQYM4/X3ihKBrA8IlJydXc/89v0wfmmDl5ubq1x2Zat+u
5OS89u3bhSXgkEqOtv1o+acalFrxFjIACBd6cJhI6pln6NjWrWo0xuo1a3XTrZN1xdXj9e7iJcrP
z1cgEFAgEFB+fr6Wf/qZbrhloq6+7qYahxtOp1Oz7pleozGAyjQcf60cHTuWHJ3Ko8zD0bGjGo6/
tkafMRAqHo9Hn674X5nn/7PwHeXl5ZV+PSj1TB1zTFNJUqzLpSsuHVP6mtfr0933zZIkHTp0SM+9
+K9arhoIHY+nSJ+vXKWrxt8QsnDjsA0ZGaV/Pjs1NaRjV+bZF17SvlAeiQ4AQSLgMJnKOsxX1d69
+/TUnOd0YdpoDbngEg29cLguTButBx9J108//xySOVJO6RO2o8pQv8VPnCCJ/6+VZfnjswEiw47M
ncoqp+nuIbdb32/+sfRrl8ultItLjjS+5OILS1doSNLmH3884rjaj5Z/op9+3l6LVQOh88GyD3Xf
/Q8qNzc35GN/ufbP3jZ9Tu6thg0bhHyOiuTm5ur6m2/VwZycsM2J+i22nh3nbbcHf4pZfcMWFZMZ
NuRcffb5F/p+8w8hG9MbgtMk/r9G8fEae/mYyi8EQsCRnKz4qZOV83BwR+zVVfFTJ8uRnGx0Gajj
nn72eW3/5dcqXbt1209lmodKJadA/GveKzqlz0mlz53Uu6eksiebzH/9zTJj3Df7QR3TtGm16h5x
yUU6+aTe1boHqKk333q71sb+5tvvtHfvPiUmNpPFYtEZp/XXoiWhXSVyNLl5ebpl4hRdP/5qpZzS
J2zzon4679zB+u+7i+Tz+Sq/2OQaxcdr8CBjm9WbiSUQjhbLCKmvv/lWk2+bZnQZRzVl0gSdfVZ4
l0cCeS+9rPx/v2Z0GREh7rLRajDuSqPLQD3g8Xg0+6FHtWrNlzUe696771S/vqdIKmleuHL1miP6
faxb/5Wm3X1vjee55qqxSrvkohqPA1TXkAsuqdYpRNU1emSarrz8UkklJ6vcNeO+WpurIna7XYNS
B2r4xReodauaba0GKlJcXKyt237Srl275S4oCOPM4f3R2RXjUu9ePRQfH8/K+Coi4DCh4mK/nnz6
Gb2/dJnRpZTruDbH6p+Pp8vpjDa6FNRDOY88JncYf2MViVxDzlX8FE6XQfgUFBRo5gMPa/1XG2p0
NOXp/U/V9Gm3Vfj67Xfera82ZlT4emVsNpuuuuIywg0Y5oGH0/XJis9qbfwO7dtrzpOPyWKx6MDB
g0obfXmtzVUVjz/6kLp0OtHQGgDUL/TgMCGbzaqJt9yoNm2ONbqUMpo0aaxHHrifcAOGiZ8ySTED
zzS8uadRj5iBZxJuIOxiYmI0487bdXyH9jUaZ/WXa3XokLvc1/bu26cNGZtqNP5VV1ym4RdfWKMx
gJq4ZtxYndS7V62Nv2fvHvn9fkkly9rbtT2u1uaqiudeeMnQ+QHUPwQcJjYlApsHjhk5Qo0axRtd
Buq5RndPU0w9PK4uJvVMNbo7srevoe6Kjo5W+kOzdWpK36DH8Hq9mv3wo+U+f+fd99ZodcjhbSks
8YWRmiYkaPZ9M/TSc3M0Ku0StW7VMqTj5+cfKm0Wb7FY1NfgXhg//LjF0PkB1D8EHCbWMfl4XRtB
e+xTBw7QuYMHGV0GIKkk5HANOdfoMsLGNeRcwg0Yzul06ra/T1TvXj2DDhI2bNiovfv2HfHc95t/
UObOnUGNZ7PZdNmYUWxLQcSwWCw6tnUrXTX2cr3wzFN6cNa9OvGEjnKF6FSITz/7vPTPJ9fiapGq
OKEjja4BhBcBh8kNG3Ke2rdrZ3QZcjqdGjf2cjkcDqNLAUrFT52kuMtGG75tpLYfcZeNVvxUtqUg
MsTExOie6dN0YseOQd3vKy4+4gc0SXrjrbfl9we3euOCYUN16eiRQd0L1DabzabevXrqiUcf0svP
z9EN112j6KioGo25avWfDX9btkyS1Wrct/s3XnetYXMDqJ9oMlpHDB91mWFnjzudTr3wzD/VPDHR
kPmByrjfX6acB+vmEbLxt0+W67zBRpcBlJGfn6+ZDzysDUE0BW3QoIEmT7hZXbt21ocfLddzL/4r
qBpGjxiuK6+4LKh7AaPk5+drY8YmfbFqjT77/Ityj1Y+Grvdrg/eWyhJysvL0+grrlJhoac2Si1X
u7bH6YK/DdPJvXupadOEsM0LABIBR52xavUazZg525C5x4waobGXjTFkbqCqvD9uVU76k/Ju/tHo
UkLCcWJHxU++RY6OxxtdClChvLw83TH9Hm3ZulXh/G7DarXqogv+pvFXXxW+SYFasDsrSwvfeU8Z
m77WjsydVe5D89H770mS8vLzdekV42r9GM34hg3VtWsXXXLh+erMqSkADETAUYe8NPcVvbHgP2Gd
s0f3bnrkgVlhnROoidxnXtCh194yuowaiR09XA2vv8boMoAqOXTIrUlTb9fP238J25x9+5ysGXfd
IbvdHrY5gdr2/eYflP7Ek9q5a3fpSSnlsVgs+nDJu5JKAo4xV4xTQS0EHBaLRXa7XRNuvF6Dzz4r
5OMDQDAIOOqQwkKPrrnhJu3Zszdsc778wrNq1TIpbPMBoVCU8bXynn9ZRd98Z3Qp1RLVtbMaXHul
onp0M7oUoFry8vM1bfo9YTlRYVDqQE2acBPhBkzrv+8u0il9TlZSi+ZlXvP5fNq7d5++WL1ab771
tvLy8stc07tnDz14/32SpIMHc5Q25vIanUBUniHnDtbgs89ScocOstlsIR0bAGqCgKOOOZiToxtu
nqjffv+9VudxOBx65IFZLEOEqbnfXaL8V15X8d59lV9sIFtiM8VdPkqu84cYXQoQtN27szTljru0
77ffamV8q9WqvqecrOl33Ea4AVO76dbJ+nn7LzqpV0+lnjlAvXv1UFxcXJnr3O4CrfvqK338yQqt
/2qDfD6fJGnGXXeof78USdJnn3+hWQ88HJK6TuiYrJRT+uj8YUMUGxsbkjEBINSAiYcaAAAdK0lE
QVQIOOqg5Z+sUPo//imv11trc6RdfJGuGTe21sYHwunQG2/r0Fv/jbigw5bYTLHDL1TsyIuNLgUI
id+zszVh0tRaCTl69eyhWfdM5zQvmN6MmbO1avWa0q9dLpcuufB8nTv4bDVu3KjcFRMHDhzU6wve
0rr1G/Tis0+VXvP32+/Upq+/CbqW2NhYtWndWrdNmaikFi2CHgcAwoWAo4769/zX9cr812tl7FNO
Pkmz7r27VsYGjOReskwFi5eq6Gtjt65EdeusmKHnyDWE01FQ9+zenaV7738gpD05+vdL0dTJExUT
4wzZmIBRPvx4uR557B9lnnc6nTq2dSuNHpGmU/v1Lfdej8ej6OhoSdLefft0+VXXHrVfR0VcMTGa
PPEWdevSRY0axZd7TV5evho0KLuyBAiHAwcP6oOlH2rn7t1Gl1LrenTrpgGn91dUDY+Qri8IOOoo
t9utCZOn6pdfd4R0XKfTqeee/gcpPuo0749bVbD8M3k+WynfzvD8w2lvlaToM05VTOoZnIyCOu/n
7b9o6rS7lJOTW6NxLBaLunTupNn3zZDTSbiBusHnK9aEyVO0Zeu2Cq9p1TJJp/ZL0agRwxXrcpV7
TUVBSUUcDocGDzpLp6acot69espisZS5JjcvT1+sXK1PVnymoqIiPfnYI1UeHwilGTNna/WaL0Pe
XyYSOZ1OTZ10q07r38/oUkyBTap1lMvl0iMP3h/SfhwxMTGaec90wg3UeY6Ox5eEDDdcLe8PW+VZ
t0FFGzap6JvvFQhRJ3pLTIyiunZSVK/uij65lxwnEGqg/mjX9jj98/F0TZxym7Kz9wc9Ts8e3XTv
9DsJN1Cn2O023TD+Gt1+1wwVFhaWe82u3VkK+P0VhhuStDHj60rnslqtanPsserfr69GjRhe7hYv
n8+nzJ27tOyjj7X4/aXyeDySpG5du1TxHQGh99dtXHVdYWGh1q7/ioCjigg46rBG8fG67ppxmvnA
QyEZb1DqmerOP2aoZxwnHF8SPlw2QpLk+2m7vNu2y/frDhXvylLx3t/k339A/tw8BQoKFfCV9L6x
2B2yxDhlbdhA1iaNZUs8RraWLWRvc6wcHdrK3r6tkW8LMFyL5omadc/dmvXAw9oVxBLjkm0ptxJu
oE7q3OlE/fvlF3Tt9TfrwMGDZV6/dPRIXTZ65FHHONx0tCLdu3XVHVMmq3HjRrJareVe88mKz/Ts
Cy8pJye3zFaXTieeUMm7AIDwI+Co404/7VSN+nm4Xn/zrRqNc8rJJ+m6a8aFqCrAvOztCSeAUOnQ
vp1m3HWHJt92R7nHXZbHYrHoxBM66ra/TyTcQJ3WKD5er859Ud99v1k/btmqIq9XrVom6YTkZCUl
Vb6adtBZA7Xif58f8VyrVi014uKL1LNndyU2a1bufZt/+FGLlryvTd98q337ym8IHBMTo4svOL/6
bwoAahk9OOoBt9utWyZN0a87MoO63+l06oVnnlLzxPL/IQQAoCay9uzV5Kl3VGlL5Um9emrG9Gly
/tFIEUDFPv3sf/p4+adq0CBOg88epB7dupbbW+Ow/Px83TJpqjJ37jzquDddP17nD+Pochhn0Hl/
M7qEsDrn7EGafOvNRpdhCgQc9cjw0Zfp4MGcat1jt9s194VnlUi4AQCoRVu3/aT7H3xYu3ZnVXhN
St8+umPKZMXExISxMqB+2ffbb7rxlknKyc0t08DRZrNp5PCLNfbySw2qDihBwIGKlL/hDnXSrTfd
WO17Rgy/mHADAFDrju/QXvdMv7PC8KJlyyRNnTSRcAOoZc2OOUavvfIv/X3iBHXt3EmS1LBhQ51z
9iA99/Q/dMVlYwyuEAAqxgqOeualua/ojQX/qdK1Pbp30+z7ZpTbURsAgNqwc9duTZpy+xGNFbt0
6qT775shl4twAwAgjRt/g3ZkHn0rVV1yxaWjdWkljYVRgoCjniks9GjU5VcqP7/yZm4vv/CsWrVM
CkNVAAD86etvvtUTT81RZuZO9Tmpt277+yQ1bNjA6LIAABFi/YaNevb5l5Sblxu+SQ34qdlqs6pd
27aaNOEmNU1ICH8BJkTAUQ8dzMnR+BsnaP/+/eW+7nA49MgDs9S504lhrgwAAAAAgODQg6MeahQf
r2vHjZXNZiv39SHnnkO4AQAAAAAwFQKOeir1zAHlnl/evVtX3XjdNQZUBAAAAABA8OxGFwDjjBmV
pkJPof73xUq53W71PaWPxl99ldFlAQAAAABQbfTgAAAAAAAApscWFQAAAAAAYHpsUQEQcXyrvpZ/
92+yNGogx1l9jC7HNPy/7JZv/WZJkuOcFFniXAZXBAAAAIQPW1QAVEvx11vl/zVLloRGsvfrFtQY
/h17VLxpiyTJMfQ0yWI5co4fflFe37EK5OQrbtlTcpzdt8Z1B8uf9buK138vSXIMO92wOqrEU6S8
8ybI98k6Rd8wXK6nbwvLtKb6jAAAAFBnEXAAqJaCyY+r8LH5cgw9TXGLHg9qjKI3P9ShkdMkSY19
ayVb2d1y3mWrlX/OzbI2T1CDja/J2jyhRnUHy/vBKuWfd4skqXFgvSE1VId/737l9R0r/y+7Fbfw
ETkuPLPW5zTbZwQAAIC6iR4cACKSY3CKYtInyr8nW+5r75f8fqNLMgVrYhPF/fdRWWKidWjcTPl/
zTK6JAAAACAsCDgARCznraMUdcVQeRf9T56nFhhdTq0r+vf7yu05Wocuu7tG49h6JMs1714FDuTq
0FX3SV5fiCoEAAAAIhcBB4DIZbXK9fRtsqf2UeETr6n4h1+MrqhWBQ7kqjhji/w/76zxWFHDz1LM
fdfJv+VXeV58JwTVAQAAAJGNU1QARDRLbIwafDzH6DJMyTn9ajmnX210GQAAAEBYsIIDAAAAAACY
His4AESsQE6+fGu+kX/LDgVy8qXYGNnaNJetb1dZk46p8D5/5l75d+yRpUlD2U5sW/p88Xc/q3jT
Fvl37pPsNtnaJsnev4csxzSufm379sv3RYb8O/cpUOCRtUVT2VO6ynr8sdUbJ9+t4k1bS+r7aeef
73vlptJrrO1aytqiaYXvzb91R0kt+w7I1qlt6VGtgeyckm09FkuZI33N9BkBAAAAVUHAASDiBNyF
KnxonjzprypwqKDsBVaroq++QDEP3CRLk4ZlXvb+91O5JzyqqMuHKHbevfJvy5T7poflXba6zLUW
Z5Sc066S844rJbut8toOFahg2tPyPPu2VOQt83pU2iDFPDlF1sQmVXqv/p93Ka//uCOeK/7u5yOe
i517j6KuGFr2vc29RwV3PaPCB+eWnjJjP6NXacDhW/tdyfGtDrsaF605Yg4zfUYAAABAVRBwAIgo
gZx85Q+bKN/nGyVJ9r5dZT+9p6ytEhXId8v3v43yLl0lz/ML5fsiQw1WPHfU1QXFG39U3qAbFMg9
pKjhZ8nWPVmKssu/fbeK3v5EgX37VXD3syr+aadiX54hWSwV15Z7SPnn3SLfyk2yn9FL9tN6ytK4
oQL79sv7wSoVf71VRQs+km/DD2q48iVZmlX+A7ylcUNF3zC8pNaMH+Vb9bUszZoo6pLU0mus7VuV
e2/hE6+rcPa/ZG2dKHtqH1mcUVJ0VKVz/n+R/hkBAAAAVUHAASCiFEx9Ur7PN8oSE63YBQ/KMaT/
kT9Q33GlfJ9tUP7fJqr4+5/lnvpkyQ/d5Sks0qFx98nWqZ1i590ra9ukI16OefgWFUx+Qp7nF6po
3mI5hvRX1PCzKqyt8KF58mfuVYOV/yqz5SNm9o0qemWJDl09s2Q1xIRHFfv67Erfr7V1olxP3yZJ
8jz5hnyrvpatQ6vS5yoS+O2ACu99XjGzb5Rz8qVSlKPSucp/U5H/GQEAAABVQZNRAMHxFStwMC+o
h9yF5Q7p37FHnucXSpJc8+6VY+hp5a4WsJ/RS65n7pAkFc1dJP/e/eWOV/Sf5ZLHq7jFT5T5wV2S
LHEuuZ6aKvtpPSVJnideO+pb9jy9QHEfzSnzg7skyWpV1Nhhinnw5pK53/hQ/m2ZRx2vJrwfrFLU
mHNLto0EG26obn9GAAAAqF9YwQEgKN6lq3Sw8ZkhHdP35beSJGvSMYq6YMBRr3Wcf4bksEten4oz
fpR1cErZi/z+kj4dDWOPMpBdzsmXKv/zjfKt+lqB/bnl9vWQJOeUy2VLPnqDzOhrL1LBnXOkIq98
n29UVIfWR72+JpwTR9d8kDr+GQEAAKD+YAUHgIgRdUmqGvvWKj5zSUl4cRSW2BhZWzaTJAUO5FUw
oEP2s/pUOq+tR3Lpn/17syu8zvG30ysdy9IwVvaUriVj7dhT6fXBsrZqJmsogoE6/BkBAACgfmEF
B4CgOAanKHb+rKDuLfrvp3JfU869Fotkq7iBZZnLo/74K6y4uNzXbce3lsXlrHycxn9ZjVDeqS1/
qKjZZ5nrEhMkSYE8d5WuD8bRjsmtjrr8GQEAAKB+IeAAEByHXZaE+KButTRwVem6wP5cFW/doUDW
7wrk5Jc8cg+V/O/BPPl3/Xb0eeLjqlhQ1UKVqgQBkiTbH4vjAoGqXR+MKhzXWhV1+jMCAABAvULA
ASCyBALyvvc/Ff7jdfk+XW90NQAAAABMgoADQOTw+nRo/GwVvfyeJMl6XJIcg06RrUt7WY5pLEt8
XMmjYawsDWOVN/A6+X/eZXDRAAAAACIBAQeAiFH41IKScMNmlevp2xU9dqgUHVXh9ZYQbdMAAAAA
YH4EHAAig98vz+PzJUkxM65V9PiLKr2FBpUAAAAADuOYWAARIbA/V/7MvZIkx7n9Kr9+3375s36v
7bIAAAAAmAQBB4DIYP3zr6OA11fp5Z5XP6jNaozxx2cQKKr8/QMAAAA4EgEHgIhgadxA1nYtJUlF
Cz4+6rW+zzeq8L4XZD0uKRylhc3h43P9W3dIRV6DqwEAAADMhYADQGSwWOS8dbQkyfPEayq4+1kF
DuQecUkgJ1+Fj81XXur1cs64VrYTjjOg0Npj/eP9BHLyVTD7ZQUKPMYWBAAAAJgIAQeAiBF93cWK
Gnm2JKlw5ovKaT1EeaddrUMjpylv4HU6eMxZKpj8uJxTLpfz5hEGVxt69pM7yX5yJ0lS4b3P62Dc
acpJOkeepxYYXBkAAAAQ+ThFBUDkcNgV++os2QeerMIH58r/8y75vsgofdl+Wk8577xKjsEpBhZZ
i6xWxb77mArunCPvgo8UOFQgf9bvVepJAgAAANR3lkAgEDC6CAAoIxCQ/5cs+fdmS1arrG1ayJrY
xOiqwqfYr0BOviTJEh8n2VhwBwAAABwNAQcAAAAAADA9fiUIAAAAAABMj4ADAAAAAACYHgEHAAAA
AAAwPQIOAAAAAABgegQcAAAAAADA9Ag4AAAAAACA6RFwAAAAAAAA0yPgAAAAAAAApkfAAQAAAAAA
TI+AAwAAAAAAmB4BBwAAAAAAMD0CDgAAAAAAYHoEHAAAAAAAwPQIOAAAAAAAgOkRcAAAAAAAANMj
4AAAAAAAAKZHwAEAAAAAAEyPgAMAAAAAAJgeAQcAAAAAADA9Ag4AAAAAAGB6BBwAAAAAAMD0LJIC
RhcBAAAAAABQE6zgAAAAAAAApkfAAQAAAAAATI+AAwAAAAAAmB4BBwAAAAAAMD0CDgAAAAAAYHoE
HAAAAAAAwPQIOAAAAAAAgOkRcAAAAAAAANMj4AAAAAAAAKZHwAEAAAAAAEyPgAMAAAAAAJgeAQcA
AAAAADA9Ag4AAAAAAGB6BBwAAAAAAMD0CDgAAAAAAIDpEXAAAAAAAADTI+AAAAAAAACmR8ABAAAA
AABMj4ADAAAAAACYHgEHAAAAAAAwPQIOAAAAAABgegQcAAAAAADA9Ag4AAAAAACA6RFwAAAAAAAA
0yPgAAAAAAAApkfAAQAAAAAATI+AAwAAAAAAmB4BBwAAAAAAMD0CDgAAAAAAYHoEHAAAAAAAwPQI
OAAAAAAAgOkRcAAAAAAAANMj4AAAAAAAAKZHwAEAAAAAAEyPgAMAAAAAAJgeAQcAAAAAADA9Ag4A
AAAAAGB6BBwAAAAAAMD0CDgAAAAAAIDpEXAAAAAAAADTI+AAAAAAAACmR8ABAAAAAABMj4ADAAAA
AACYnt3oAgAELyEhQT169JAkZWRkKDs72+CKAAAAAMAYFkkBo4sAUH1Dhw5VamqqXC6XJMntduux
xx5TZmamwZUBqM8sFouioqJKHzabTRaLRZIUCARUXFysoqKi0kcgwLchAAAgNAg4AJNJTk7W2LFj
lZCQUOa1LVu2KD093YCqANRnFotF0dHRcrlcio2NVYsWLZSUlKTExEQ1bNhQdnvJglGfz6fc3Fzt
3btXu3fvVlZWlvLz8+V2uwk7AIRFQkKC0tLSSlfARoKMjAwtWLCAlbhACBBwACaRkJCgsWPHKjk5
+ajXjR8/PkwVAajvDgcb8fHx6tSpk3r27Kk2bdrI6XRW6f7CwkJt375d69at07Zt25STkyOPx0PQ
AaBWJCQk6K677ipd/RpJ3G63Zs2aRcgB1BA9OIAI53K5NHDgQA0bNszoUgCglN1uV3x8vPr06aN+
/fqpadOmslqr17vc6XTqxBNPVMeOHfX7779r1apVWrt2rXJycuTz+WqpcgD11YgRIyIy3JBKvt8b
MWKE5syZY3QpgKkRcAARLCUlRcOGDSt3OwoAGMXhcKhLly4aMmSIkpKSZLPZajSe1WpVs2bNNGzY
MPXu3VtLlizRt99+K6/XG6KKAUDq3r270SUcVaTXB5gBAQcQgVq3bq20tLRKt6MAQLhZrVYNGzZM
AwYMUHR0dEjHttlsat26ta688kqtWLFC77zzjvx+f0jnAIBI1rp1axrGAzVAwAFEEJfLpeHDh6tf
v35GlwIA5Ro1apRSUlLkcDhqbY7o6GgNHDhQMTExmj9/fq3NAwCRJiYmxugSAFMj4AAiRGpqqoYO
HRqxe0MB1G9WqzUs4cZhDodDKSkpkqTXX3+dlRwAAKBSBByAwZKTk5WWlqbWrVsbXQoAlMvhcGjY
sGFhCzf+Om9KSooKCgq0aNEienIAAICjIuAADBKJ57ADwP9nt9vVpUsXDRgwIKzhxmEOh0MDBgzQ
9u3b9c0333C6CgAAqBABB2CAoUOHKjU1le0oACKaxWJRfHy8hgwZEvKGotURHR2tIUOGaMeOHdq/
f78CgYBhtQAAgMhFwAGEUY8ePZSWlsaxrwBMITo6Wn369FFSUpLRpSgpKUl9+vTRp59+qsLCQqPL
AQAAEYiAAwiDhIQEjR07lmNfAZjG4dUb/fr1k81mM7oc2Ww29evXTxs3btTevXtZxQEAAMog4ABq
kcvlKt2OAgBmEh0drU6dOqlp06ZGl1KqadOm6tChgw4ePMgqDgAAUAYBB1BLUlJSlJaWRp8NAKbk
crnUs2dPWa1Wo0spZbVaddJJJ+m7774j4AAAAGUQcAAhlpycrGHDhrEdBYBpWSwWxcbGqk2bNkaX
Ukbbtm0VFxengwcPsk0FAAAcgYADCBGXy6Xhw4erX79+RpcCADUSFRWlFi1ayOl0Gl1KGU6nUy1a
tNC+ffvk8XiMLgcAAEQQAg4gBDj2FUBdEhUVFREnp1QkKSlJmzdvJuAAAABHIOAAaiA5OVljx47l
2FcAdUpUVJQSExONLqNCCQkJstv5FgYAAByJ7w6AIF1xxRVsRwFQJ9lsNsXHxxtdRoXi4+MJOAAA
QBmR0xodMJHk5GTCDQB1lsVikc1mM7qMCkVHR0fU6S4AACAy8N0BEISOHTsaXQIAAAAA4C8IOIAg
ZGRkGF0CANSaQCCg4uJio8uokMfjkd/vN7oMAAAQYQg4gCBkZmZq9erVRpcBALWiuLhYOTk5RpdR
oZycHPl8PqPLAAAAEYaAAwjS3LlzlZ6erp07dxpdCgCEVFFRkfbu3Wt0GRXKzs4m4AAAAGUQcAA1
sGXLFs2cOVMLFixQQUGB0eUAQEgUFRVp9+7dRpdRod27d6uoqMjoMgAAQIQh4ABCYPny5Zo2bZqW
L19udCkAUGNFRUXKyspSYWGh0aWUUVhYqKysLAIOAABQBgEHECJut1sLFizQrFmztGXLFqPLAYCg
BQIB5efna/v27UaXUsb27duVn5+vQCBgdCkAACDCEHAAIZaZman09HTNmzdP2dnZRpcDAEEpKCjQ
unXrIuq0Er/fr/Xr17MlEAAAlIuAA6glq1at0qxZs7R48WKjSwGAavN4PNq2bVtEBbXZ2dnatm2b
PB6P0aUAAIAIRMAB1CK3261FixZp2rRp2rRpk9HlAECVBQIB5eTkaOXKlSouLja6HBUXF2vlypU6
ePAg21MAAEC5CDiAMMjOztacOXOUnp4eUb8NBYCj8Xg8Wrt2bUScqLJr1y6tXbuW1RsAAKBCBBxA
GG3ZskXTpk3T4sWL2UMOIOIdXsWxZMkSQ4OFwsJCLVy4UDk5OazeAAAAFSLgAAxweNvK6tWrjS4F
AI7K5/Pp22+/1YoVK+T1esM+v9fr1dKlS7V161b5fL6wzw8AAMyDgAMwiNvt1ty5c5Wenq6dO3ca
XQ4AVMjr9eqdd97RmjVrwhpyeL1erVmzRsuWLSPcAAAAlSLgAAy2ZcsWzZw5U/PmzWPbCoCI5ff7
9eqrr4Yt5Dgcbrz66qsRdVQtAACIXHajCwBQYtWqVcrIyNDQoUOVmppqdDkAUK7XXntNbrdbAwYM
UHR0dK3MUVhYqKVLl2rZsmW1Mj4AAKibCDiACOJ2u7VgwQKtXr1aaWlpSk5ONrokADiC3+/XokWL
tH37dg0ZMkRJSUmy2WwhGbu4uFi7du3SwoULtXXrVlZuAKh3WM0L1AwBBxCBMjMzlZ6erh49eigt
LU0JCQlGlwQApbxer7755hvt2LFDffr00amnnqqEhARZrcHtfPX7/crOztbKlSu1du1a5eTk0HMD
QL2UmZlpdAmAqdkk3WN0EQDKt2fPHq1evVo+n0+tW7eWw+Go9J7FixeHoTIA9Z3f71dhYaEyMzO1
adMm7dy5U1FRUWrQoIHs9qr9/qSwsFBbt27V0qVLtXTpUv3www/Kz89n5QaAWnHssceqefPmRpdR
oU2bNmndunVGlwGYmkUSB8oDJpCQkKARI0aoe/fuR71u/PjxYaoIAEpYLBZFR0crJiZGcXFxatGi
hZKSkpSQkKD4+PjSXh0ej0c5OTnKzs7W7t27lZWVpfz8fBUUFMjj8SgQ4FsSALUnISFB06dPV0xM
jNGllFFQUKCZM2cqOzvb6FIAUyPgAEwmOTlZY8eOLXfbyqZNmzRnzhwDqgKAEhaLRVFRUYqKipLd
bpfdbi/duuL3++Xz+eTz+VRUVKSioiJCDQBhVdVfGIXTpk2b9OabbxJuACFAwAGYVGpqqoYNG1b6
W4iCggKlp6ezdxMAAKAKWrdubehqjoKCAr5vA0KMgAMwMZfLpZSUFBUUFCgjI0Nut9vokgAAAADA
EAQcAAAAAADA9II7zw0AAAAAACCCEHAAAAAAAADTI+AAAAAAAACmR8ABAAAAAABMj4ADAAAAAACY
HgEHAAAAAAAwPQIOAAAAAABgegQcAAAAAADA9Ag4AAAAAACA6RFwAAAAAAAA0yPgAAAAAAAApkfA
AQAAAAAATI+AAwAAAAAAmB4BBwAAAAAAMD0CDgAAAAAAYHoEHAAAAAAAwPQIOAAAAAAAgOkRcAAA
AAAAANMj4AAAAAAAAKZHwAEAAAAAAEyPgAMAAAAAAJgeAQcAAAAAADA9Ag4AAAAAAGB6BBwAAAAA
AMD0CDgAAAAAAIDpEXAAAAAAAADTI+AAAAAAAACmR8ABAAAAAABMj4ADAAAAAACYHgEHAAAAAAAw
PQIOAAAAAABgegQcAAAAAADA9Ag4AAAAAACA6RFwAAAAAAAA0yPgAAAAAAAApkfAAQAAAAAATI+A
AwAAAAAAmB4BBwAAAAAAMD0CDgAAAAAAYHoEHAAAAAAAwPQIOAAAAAAAgOkRcAAAAAAAANP7Pxg/
NiV4QMCvAAAAAElFTkSuQmCC
" width="800px"&gt;</msg>
<status status="PASS" starttime="20230203 14:41:42.093" endtime="20230203 14:41:42.322"/>
</kw>
<msg timestamp="20230203 14:41:42.322" level="INFO">xpath criteria: //hierarchy/android.widget.FrameLayout/android.widget.LinearLayout/android.widget.FrameLayout/android.widget.LinearLayout/android.widget.FrameLayout/android.widget.FrameLayout/android.view.ViewGroup/android.view.ViewGroup/android.view.ViewGroup/android.view.ViewGroup/android.view.ViewGroup[1]/android.view.ViewGroup/android.view.ViewGroup/android.view.ViewGroup/android.view.ViewGroup/android.view.ViewGroup/android.view.ViewGroup/android.view.ViewGroup/android.view.ViewGroup/android.view.ViewGroup[1]/android.view.ViewGroup[1]/android.view.ViewGroup/android.view.ViewGroup/android.view.ViewGroup/android.view.ViewGroup/android.view.ViewGroup/android.view.ViewGroup/android.view.ViewGroup/android.view.ViewGroup/android.view.ViewGroup[2]/android.view.ViewGroup/android.view.ViewGroup/android.view.ViewGroup[4]/android.widget.ScrollView/android.view.ViewGroup/android.view.ViewGroup[2]/android.view.ViewGroup[5]/android.view.ViewGroup[2]</msg>
<msg timestamp="20230203 14:41:42.322" level="FAIL">Page should have contained element '//hierarchy/android.widget.FrameLayout/android.widget.LinearLayout/android.widget.FrameLayout/android.widget.LinearLayout/android.widget.FrameLayout/android.widget.FrameLayout/android.view.ViewGroup/android.view.ViewGroup/android.view.ViewGroup/android.view.ViewGroup/android.view.ViewGroup[1]/android.view.ViewGroup/android.view.ViewGroup/android.view.ViewGroup/android.view.ViewGroup/android.view.ViewGroup/android.view.ViewGroup/android.view.ViewGroup/android.view.ViewGroup/android.view.ViewGroup[1]/android.view.ViewGroup[1]/android.view.ViewGroup/android.view.ViewGroup/android.view.ViewGroup/android.view.ViewGroup/android.view.ViewGroup/android.view.ViewGroup/android.view.ViewGroup/android.view.ViewGroup/android.view.ViewGroup[2]/android.view.ViewGroup/android.view.ViewGroup/android.view.ViewGroup[4]/android.widget.ScrollView/android.view.ViewGroup/android.view.ViewGroup[2]/android.view.ViewGroup[5]/android.view.ViewGroup[2]' but did not</msg>
<status status="FAIL" starttime="20230203 14:41:41.936" endtime="20230203 14:41:42.322"/>
</kw>
<status status="FAIL" starttime="20230203 14:41:23.857" endtime="20230203 14:41:42.323">Page should have contained element '//hierarchy/android.widget.FrameLayout/android.widget.LinearLayout/android.widget.FrameLayout/android.widget.LinearLayout/android.widget.FrameLayout/android.widget.FrameLayout/android.view.ViewGroup/android.view.ViewGroup/android.view.ViewGroup/android.view.ViewGroup/android.view.ViewGroup[1]/android.view.ViewGroup/android.view.ViewGroup/android.view.ViewGroup/android.view.ViewGroup/android.view.ViewGroup/android.view.ViewGroup/android.view.ViewGroup/android.view.ViewGroup/android.view.ViewGroup[1]/android.view.ViewGroup[1]/android.view.ViewGroup/android.view.ViewGroup/android.view.ViewGroup/android.view.ViewGroup/android.view.ViewGroup/android.view.ViewGroup/android.view.ViewGroup/android.view.ViewGroup/android.view.ViewGroup[2]/android.view.ViewGroup/android.view.ViewGroup/android.view.ViewGroup[4]/android.widget.ScrollView/android.view.ViewGroup/android.view.ViewGroup[2]/android.view.ViewGroup[5]/android.view.ViewGroup[2]' but did not</status>
</test>
<status status="FAIL" starttime="20230203 14:41:23.777" endtime="20230203 14:41:42.323"/>
</suite>
<statistics>
<total>
<stat pass="0" fail="1" skip="0">All Tests</stat>
</total>
<tag>
</tag>
<suite>
<stat pass="0" fail="1" skip="0" id="s1" name="Test Menutab">Test Menutab</stat>
</suite>
</statistics>
<errors>
</errors>
</robot>
