<?xml version="1.0" encoding="UTF-8"?>
<robot generator="Robot 6.0.1 (Python 3.9.11 on win32)" generated="20230105 22:47:01.373" rpa="false" schemaversion="3">
<suite id="s1" name="First Test" source="C:\Users\Working Space\AutoTesting\Robot Framework\API testing\first_test.robot">
<test id="s1-t1" name="Quick Get Request Test" line="6">
<kw name="GET" library="RequestsLibrary">
<var>${response}</var>
<arg>https://www.google.com</arg>
<doc>Sends a GET request.</doc>
<msg timestamp="20230105 22:47:01.657" level="INFO">GET Request : url=https://www.google.com/ 
 path_url=/ 
 headers={'User-Agent': 'python-requests/2.28.1', 'Accept-Encoding': 'gzip, deflate', 'Accept': '*/*', 'Connection': 'keep-alive'} 
 body=None 
 </msg>
<msg timestamp="20230105 22:47:01.657" level="INFO">GET Response : url=https://www.google.com/ 
 status=200, reason=OK 
 headers={'Date': 'Thu, 05 Jan 2023 15:47:03 GMT', 'Expires': '-1', 'Cache-Control': 'private, max-age=0', 'Content-Type': 'text/html; charset=ISO-8859-1', 'Cross-Origin-Opener-Policy-Report-Only': 'same-origin-allow-popups; report-to="gws"', 'Report-To': '{"group":"gws","max_age":2592000,"endpoints":[{"url":"https://csp.withgoogle.com/csp/report-to/gws/other"}]}', 'P3P': 'CP="This is not a P3P policy! See g.co/p3phelp for more info."', 'Content-Encoding': 'gzip', 'Server': 'gws', 'X-XSS-Protection': '0', 'X-Frame-Options': 'SAMEORIGIN', 'Set-Cookie': '1P_JAR=2023-01-05-15; expires=Sat, 04-Feb-2023 15:47:03 GMT; path=/; domain=.google.com; Secure, AEC=AakniGNyVv9XQ88ftSemDvyCcajDmf32K18SYGoCsHfK8Bvlo-qohec26Q; expires=Tue, 04-Jul-2023 15:47:03 GMT; path=/; domain=.google.com; Secure; HttpOnly; SameSite=lax, NID=511=BdI8XVu1nAC_rMmMs8htqAZ1p575lIbHSmMXmHj3X4cVM7to2iLldeZMVy18ZWE2dwILjUvH8T90cwtWP2Cpm-ALUK1SDILdAeRGRZBWdK39F05cC8yyOOhyrWHpQ0jutc2lRV40XYkF0B824O_DVbPYtaKCDIrHpzPDrCKSovs; expires=Fri, 07-Jul-2023 15:47:03 GMT; path=/; domain=.google.com; HttpOnly', 'Alt-Svc': 'h3=":443"; ma=2592000,h3-29=":443"; ma=2592000,h3-Q050=":443"; ma=2592000,h3-Q046=":443"; ma=2592000,h3-Q043=":443"; ma=2592000,quic=":443"; ma=2592000; v="46,43"', 'Transfer-Encoding': 'chunked'} 
 body=&lt;!doctype html&gt;&lt;html itemscope="" itemtype="http://schema.org/WebPage" lang="vi"&gt;&lt;head&gt;&lt;meta content="text/html; charset=UTF-8" http-equiv="Content-Type"&gt;&lt;meta content="/images/branding/googleg/1x/googleg_standard_color_128dp.png" itemprop="image"&gt;&lt;title&gt;Google&lt;/title&gt;&lt;script nonce="f0UyDiwOhw22cdjoBpJPhw"&gt;(function(){window.google={kEI:'9_C2Y9mQJ5P2-QaO-6MQ',kEXPI:'0,1359409,6058,207,4804,2316,383,246,5,1129120,1197760,746,379985,16114,28684,22431,1361,12313,17586,4998,13228,3847,10622,22741,6674,1279,2742,149,1103,840,2196,4101,108,3406,606,2023,2297,14670,3227,2845,7,33770,4465,13142,3,576,6459,149,13975,4,1528,2304,7039,6344,13965,7422,7355,13660,4437,16786,5824,2533,4094,4052,3,3541,1,11942,30212,2,14022,6001,19738,5679,1020,2381,28742,4567,6259,23419,1251,5835,14968,4332,24,7460,445,2,2,1,24626,2006,8155,7381,15969,873,19635,6,1922,4079,1705,3995,21391,388,9543,4832,26504,5796,14,14326,14,82,3890,751,7510,7376,679,1622,1779,3851,1125,8051,937,1251,2226,2426,1741,814,2093,1767,914,22,565,565,991,782,1663,90,399,96,427,1033,42,291,2669,1166,483,1410,20,3,161,100,606,59,4,862,419,916,425,2501,839,174,1206,947,857,301,729,734,1900,79,3,1137,552,483,244,342,279,767,580,90,4,309,682,1252,5,342,148,338,691,130,108,68,395,2,215,85,228,32,103,446,3,179,1393,473,120,840,62,4200,564,636,4,596,12,108,1252,117,532,889,130,492,429,1199,103,1150,1406,336,784,651,28,4,13,121,4,7,39,41,2,355,196,1776,500,2,316,254,5272153,5565,279,85,143,200,5995534,2803316,3311,141,795,19735,1,1,346,20730464,37,3219983,2770168,1271975,1964,16672,3406,5595,11,3835,6897,88,212',kBL:'Dl4b'};google.sn='webhp';google.kHL='vi';})();(function(){
var f=this||self;var h,k=[];function l(a){for(var b;a&amp;&amp;(!a.getAttribute||!(b=a.getAttribute("eid")));)a=a.parentNode;return b||h}function m(a){for(var b=null;a&amp;&amp;(!a.getAttribute||!(b=a.getAttribute("leid")));)a=a.parentNode;return b}
function n(a,b,c,d,g){var e="";c||-1!==b.search("&amp;ei=")||(e="&amp;ei="+l(d),-1===b.search("&amp;lei=")&amp;&amp;(d=m(d))&amp;&amp;(e+="&amp;lei="+d));d="";!c&amp;&amp;f._cshid&amp;&amp;-1===b.search("&amp;cshid=")&amp;&amp;"slh"!==a&amp;&amp;(d="&amp;cshid="+f._cshid);c=c||"/"+(g||"gen_204")+"?atyp=i&amp;ct="+a+"&amp;cad="+b+e+"&amp;zx="+Date.now()+d;/^http:/i.test(c)&amp;&amp;"https:"===window.location.protocol&amp;&amp;(google.ml&amp;&amp;google.ml(Error("a"),!1,{src:c,glmm:1}),c="");return c};h=google.kEI;google.getEI=l;google.getLEI=m;google.ml=function(){return null};google.log=function(a,b,c,d,g){if(c=n(a,b,c,d,g)){a=new Image;var e=k.length;k[e]=a;a.onerror=a.onload=a.onabort=function(){delete k[e]};a.src=c}};google.logUrl=n;}).call(this);(function(){google.y={};google.sy=[];google.x=function(a,b){if(a)var c=a.id;else{do c=Math.random();while(google.y[c])}google.y[c]=[a,b];return!1};google.sx=function(a){google.sy.push(a)};google.lm=[];google.plm=function(a){google.lm.push.apply(google.lm,a)};google.lq=[];google.load=function(a,b,c){google.lq.push([[a],b,c])};google.loadAll=function(a,b){google.lq.push([a,b])};google.bx=!1;google.lx=function(){};}).call(this);google.f={};(function(){
document.documentElement.addEventListener("submit",function(b){var a;if(a=b.target){var c=a.getAttribute("data-submitfalse");a="1"===c||"q"===c&amp;&amp;!a.elements.q.value?!0:!1}else a=!1;a&amp;&amp;(b.preventDefault(),b.stopPropagation())},!0);document.documentElement.addEventListener("click",function(b){var a;a:{for(a=b.target;a&amp;&amp;a!==document.documentElement;a=a.parentElement)if("A"===a.tagName){a="1"===a.getAttribute("data-nohref");break a}a=!1}a&amp;&amp;b.preventDefault()},!0);}).call(this);&lt;/script&gt;&lt;style&gt;#gbar,#guser{font-size:13px;padding-top:1px !important;}#gbar{height:22px}#guser{padding-bottom:7px !important;text-align:right}.gbh,.gbd{border-top:1px solid #c9d7f1;font-size:1px}.gbh{height:0;position:absolute;top:24px;width:100%}@media all{.gb1{height:22px;margin-right:.5em;vertical-align:top}#gbar{float:left}}a.gb1,a.gb4{text-decoration:underline !important}a.gb1,a.gb4{color:#00c !important}.gbi .gb4{color:#dd8e27 !important}.gbf .gb4{color:#900 !important}
&lt;/style&gt;&lt;style&gt;body,td,a,p,.h{font-family:arial,sans-serif}body{margin:0;overflow-y:scroll}#gog{padding:3px 8px 0}td{line-height:.8em}.gac_m td{line-height:17px}form{margin-bottom:20px}.h{color:#1558d6}em{font-weight:bold;font-style:normal}.lst{height:25px;width:496px}.gsfi,.lst{font:18px arial,sans-serif}.gsfs{font:17px arial,sans-serif}.ds{display:inline-box;display:inline-block;margin:3px 0 4px;margin-left:4px}input{font-family:inherit}body{background:#fff;color:#000}a{color:#4b11a8;text-decoration:none}a:hover,a:active{text-decoration:underline}.fl a{color:#1558d6}a:visited{color:#4b11a8}.sblc{padding-top:5px}.sblc a{display:block;margin:2px 0;margin-left:13px;font-size:11px}.lsbb{background:#f8f9fa;border:solid 1px;border-color:#dadce0 #70757a #70757a #dadce0;height:30px}.lsbb{display:block}#WqQANb a{display:inline-block;margin:0 12px}.lsb{background:url(/images/nav_logo229.png) 0 -261px repeat-x;border:none;color:#000;cursor:pointer;height:30px;margin:0;outline:0;font:15px arial,sans-serif;vertical-align:top}.lsb:active{background:#dadce0}.lst:focus{outline:none}.Ucigb{width:458px}&lt;/style&gt;&lt;script nonce="f0UyDiwOhw22cdjoBpJPhw"&gt;(function(){window.google.erd={jsr:1,bv:1702,de:true};
var h=this||self;var k,l=null!=(k=h.mei)?k:1,n,p=null!=(n=h.sdo)?n:!0,q=0,r,t=google.erd,v=t.jsr;google.ml=function(a,b,d,m,e){e=void 0===e?2:e;b&amp;&amp;(r=a&amp;&amp;a.message);if(google.dl)return google.dl(a,e,d),null;if(0&gt;v){window.console&amp;&amp;console.error(a,d);if(-2===v)throw a;b=!1}else b=!a||!a.message||"Error loading script"===a.message||q&gt;=l&amp;&amp;!m?!1:!0;if(!b)return null;q++;d=d||{};b=encodeURIComponent;var c="/gen_204?atyp=i&amp;ei="+b(google.kEI);google.kEXPI&amp;&amp;(c+="&amp;jexpid="+b(google.kEXPI));c+="&amp;srcpg="+b(google.sn)+"&amp;jsr="+b(t.jsr)+"&amp;bver="+b(t.bv);var f=a.lineNumber;void 0!==f&amp;&amp;(c+="&amp;line="+f);var g=
a.fileName;g&amp;&amp;(0&lt;g.indexOf("-extension:/")&amp;&amp;(e=3),c+="&amp;script="+b(g),f&amp;&amp;g===window.location.href&amp;&amp;(f=document.documentElement.outerHTML.split("\n")[f],c+="&amp;cad="+b(f?f.substring(0,300):"No script found.")));c+="&amp;jsel="+e;for(var u in d)c+="&amp;",c+=b(u),c+="=",c+=b(d[u]);c=c+"&amp;emsg="+b(a.name+": "+a.message);c=c+"&amp;jsst="+b(a.stack||"N/A");12288&lt;=c.length&amp;&amp;(c=c.substr(0,12288));a=c;m||google.log(0,"",a);return a};window.onerror=function(a,b,d,m,e){r!==a&amp;&amp;(a=e instanceof Error?e:Error(a),void 0===d||"lineNumber"in a||(a.lineNumber=d),void 0===b||"fileName"in a||(a.fileName=b),google.ml(a,!1,void 0,!1,"SyntaxError"===a.name||"SyntaxError"===a.message.substring(0,11)||-1!==a.message.indexOf("Script error")?3:0));r=null;p&amp;&amp;q&gt;=l&amp;&amp;(window.onerror=null)};})();&lt;/script&gt;&lt;/head&gt;&lt;body bgcolor="#fff"&gt;&lt;script nonce="f0UyDiwOhw22cdjoBpJPhw"&gt;(function(){var src='/images/nav_logo229.png';var iesg=false;document.body.onload = function(){window.n &amp;&amp; window.n();if (document.images){new Image().src=src;}
if (!iesg){document.f&amp;&amp;document.f.q.focus();document.gbqf&amp;&amp;document.gbqf.q.focus();}
}
})();&lt;/script&gt;&lt;div id="mngb"&gt;&lt;div id=gbar&gt;&lt;nobr&gt;&lt;b class=gb1&gt;Tìm ki&amp;#7871;m&lt;/b&gt; &lt;a class=gb1 href="https://www.google.com.vn/imghp?hl=vi&amp;tab=wi"&gt;Hình &amp;#7843;nh&lt;/a&gt; &lt;a class=gb1 href="https://play.google.com/?hl=vi&amp;tab=w8"&gt;Play&lt;/a&gt; &lt;a class=gb1 href="https://www.youtube.com/?tab=w1"&gt;YouTube&lt;/a&gt; &lt;a class=gb1 href="https://news.google.com/?tab=wn"&gt;Tin t&amp;#7913;c&lt;/a&gt; &lt;a class=gb1 href="https://mail.google.com/mail/?tab=wm"&gt;Gmail&lt;/a&gt; &lt;a class=gb1 href="https://drive.google.com/?tab=wo"&gt;Drive&lt;/a&gt; &lt;a class=gb1 href="https://calendar.google.com/calendar?tab=wc"&gt;L&amp;#7883;ch&lt;/a&gt; &lt;a class=gb1 style="text-decoration:none" href="https://www.google.com.vn/intl/vi/about/products?tab=wh"&gt;&lt;u&gt;Thêm&lt;/u&gt; &amp;raquo;&lt;/a&gt;&lt;/nobr&gt;&lt;/div&gt;&lt;div id=guser width=100%&gt;&lt;nobr&gt;&lt;span id=gbn class=gbi&gt;&lt;/span&gt;&lt;span id=gbf class=gbf&gt;&lt;/span&gt;&lt;span id=gbe&gt;&lt;/span&gt;&lt;a href="http://www.google.com.vn/history/optout?hl=vi" class=gb4&gt;Li&amp;#803;ch s&amp;#432;&amp;#777; Web&lt;/a&gt; | &lt;a  href="/preferences?hl=vi" class=gb4&gt;Cài &amp;#273;&amp;#7863;t&lt;/a&gt; | &lt;a target=_top id=gb_70 href="https://accounts.google.com/ServiceLogin?hl=vi&amp;passive=true&amp;continue=https://www.google.com/&amp;ec=GAZAAQ" class=gb4&gt;&amp;#272;&amp;#259;ng nh&amp;#7853;p&lt;/a&gt;&lt;/nobr&gt;&lt;/div&gt;&lt;div class=gbh style=left:0&gt;&lt;/div&gt;&lt;div class=gbh style=right:0&gt;&lt;/div&gt;&lt;/div&gt;&lt;center&gt;&lt;br clear="all" id="lgpd"&gt;&lt;div id="lga"&gt;&lt;img alt="Google" height="92" src="/images/branding/googlelogo/1x/googlelogo_white_background_color_272x92dp.png" style="padding:28px 0 14px" width="272" id="hplogo"&gt;&lt;br&gt;&lt;br&gt;&lt;/div&gt;&lt;form action="/search" name="f"&gt;&lt;table cellpadding="0" cellspacing="0"&gt;&lt;tr valign="top"&gt;&lt;td width="25%"&gt;&amp;nbsp;&lt;/td&gt;&lt;td align="center" nowrap=""&gt;&lt;input name="ie" value="ISO-8859-1" type="hidden"&gt;&lt;input value="vi" name="hl" type="hidden"&gt;&lt;input name="source" type="hidden" value="hp"&gt;&lt;input name="biw" type="hidden"&gt;&lt;input name="bih" type="hidden"&gt;&lt;div class="ds" style="height:32px;margin:4px 0"&gt;&lt;div style="position:relative;zoom:1"&gt;&lt;input class="lst Ucigb" style="margin:0;padding:5px 8px 0 6px;vertical-align:top;color:#000;padding-right:38px" autocomplete="off" value="" title="Tìm trên Google" maxlength="2048" name="q" size="57"&gt;&lt;img src="/textinputassistant/tia.png" style="position:absolute;cursor:pointer;right:5px;top:4px;z-index:300" data-script-url="/textinputassistant/11/vi_tia.js" id="tsuid_1" alt="" height="23" width="27"&gt;&lt;script nonce="f0UyDiwOhw22cdjoBpJPhw"&gt;(function(){var id='tsuid_1';document.getElementById(id).onclick = function(){var s = document.createElement('script');s.src = this.getAttribute('data-script-url');(document.getElementById('xjsc')||document.body).appendChild(s);};})();&lt;/script&gt;&lt;/div&gt;&lt;/div&gt;&lt;br style="line-height:0"&gt;&lt;span class="ds"&gt;&lt;span class="lsbb"&gt;&lt;input class="lsb" value="Tìm trên Google" name="btnG" type="submit"&gt;&lt;/span&gt;&lt;/span&gt;&lt;span class="ds"&gt;&lt;span class="lsbb"&gt;&lt;input class="lsb" id="tsuid_2" value="Xem trang &amp;#273;&amp;#7847;u tiên tìm &amp;#273;&amp;#432;&amp;#7907;c" name="btnI" type="submit"&gt;&lt;script nonce="f0UyDiwOhw22cdjoBpJPhw"&gt;(function(){var id='tsuid_2';document.getElementById(id).onclick = function(){if (this.form.q.value){this.checked = 1;if (this.form.iflsig)this.form.iflsig.disabled = false;}
else top.location='/doodles/';};})();&lt;/sc... (set the log level to DEBUG or TRACE to see the full content) 
 </msg>
<msg timestamp="20230105 22:47:01.657" level="INFO">${response} = &lt;Response [200]&gt;</msg>
<status status="PASS" starttime="20230105 22:47:01.488" endtime="20230105 22:47:01.657"/>
</kw>
<status status="PASS" starttime="20230105 22:47:01.488" endtime="20230105 22:47:01.657"/>
</test>
<test id="s1-t2" name="Quick Get Request With Parameters Test" line="9">
<kw name="GET" library="RequestsLibrary">
<var>${response}</var>
<arg>https://www.google.com/search</arg>
<arg>params=query=ciao</arg>
<arg>expected_status=200</arg>
<doc>Sends a GET request.</doc>
<msg timestamp="20230105 22:47:02.632" level="INFO">GET Request : url=https://www.google.com/search?query=ciao 
 path_url=/search?query=ciao 
 headers={'User-Agent': 'python-requests/2.28.1', 'Accept-Encoding': 'gzip, deflate', 'Accept': '*/*', 'Connection': 'keep-alive'} 
 body=None 
 </msg>
<msg timestamp="20230105 22:47:02.632" level="INFO">GET Response : url=https://www.google.com/search?query=ciao 
 status=200, reason=OK 
 headers={'Content-Type': 'text/html; charset=ISO-8859-1', 'Date': 'Thu, 05 Jan 2023 15:47:03 GMT', 'Expires': '-1', 'Cache-Control': 'private, max-age=0', 'Content-Security-Policy': "object-src 'none';base-uri 'self';script-src 'nonce-wO4t3rSXL4AkblJvU3N3PQ' 'strict-dynamic' 'report-sample' 'unsafe-eval' 'unsafe-inline' https: http:;report-uri https://csp.withgoogle.com/csp/gws/xsrp", 'Cross-Origin-Opener-Policy-Report-Only': 'same-origin-allow-popups; report-to="gws"', 'Report-To': '{"group":"gws","max_age":2592000,"endpoints":[{"url":"https://csp.withgoogle.com/csp/report-to/gws/xsrp"}]}', 'P3P': 'CP="This is not a P3P policy! See g.co/p3phelp for more info."', 'Content-Encoding': 'gzip', 'Server': 'gws', 'X-XSS-Protection': '0', 'X-Frame-Options': 'SAMEORIGIN', 'Set-Cookie': '1P_JAR=2023-01-05-15; expires=Sat, 04-Feb-2023 15:47:03 GMT; path=/; domain=.google.com; Secure, AEC=AakniGPxL6apmEmMOypMb-SD-R7GnQxiYZjkCl5pAPjKRy7dtok7gIxBvA; expires=Tue, 04-Jul-2023 15:47:03 GMT; path=/; domain=.google.com; Secure; HttpOnly; SameSite=lax, NID=511=jwhc_WUfqZ1L_SQS4NOIENts9WW4v0n_MDgW_8HSyF27n1eC2WaE1WqWnMJZF-f4CnoiyJwA_5-p0J5n5Z08ro1YspBSIIzzEUOvU6Zwvn8oLhjLZZFsxdGRfMHuFPPmk0UZutpaySDaUBlAvSiVtwqdb6prmH61346325_TDio; expires=Fri, 07-Jul-2023 15:47:03 GMT; path=/; domain=.google.com; HttpOnly', 'Alt-Svc': 'h3=":443"; ma=2592000,h3-29=":443"; ma=2592000,h3-Q050=":443"; ma=2592000,h3-Q046=":443"; ma=2592000,h3-Q043=":443"; ma=2592000,quic=":443"; ma=2592000; v="46,43"', 'Transfer-Encoding': 'chunked'} 
 body=&lt;!doctype html&gt;&lt;html lang="vi"&gt;&lt;head&gt;&lt;meta charset="UTF-8"&gt;&lt;meta content="/images/branding/googleg/1x/googleg_standard_color_128dp.png" itemprop="image"&gt;&lt;title&gt;ciao - Tìm trên Google&lt;/title&gt;&lt;script nonce="wO4t3rSXL4AkblJvU3N3PQ"&gt;(function(){
document.documentElement.addEventListener("submit",function(b){var a;if(a=b.target){var c=a.getAttribute("data-submitfalse");a="1"===c||"q"===c&amp;&amp;!a.elements.q.value?!0:!1}else a=!1;a&amp;&amp;(b.preventDefault(),b.stopPropagation())},!0);document.documentElement.addEventListener("click",function(b){var a;a:{for(a=b.target;a&amp;&amp;a!==document.documentElement;a=a.parentElement)if("A"===a.tagName){a="1"===a.getAttribute("data-nohref");break a}a=!1}a&amp;&amp;b.preventDefault()},!0);}).call(this);(function(){var a=window.performance;window.start=Date.now();a:{var b=window;if(a){var c=a.timing;if(c){var d=c.navigationStart,f=c.responseStart;if(f&gt;d&amp;&amp;f&lt;=window.start){window.start=f;b.wsrt=f-d;break a}}a.now&amp;&amp;(b.wsrt=Math.floor(a.now()))}}window.google=window.google||{};var h=function(g){g&amp;&amp;g.target.setAttribute("data-iml",String(Date.now()))};document.documentElement.addEventListener("load",h,!0);google.rglh=function(){document.documentElement.removeEventListener("load",h,!0)};}).call(this);(function(){window._skwEvts=[];})();(function(){window.google.erd={jsr:1,bv:1702,de:true};})();(function(){var sdo=false;var mei=10;
var h=this||self;var k,l=null!=(k=h.mei)?k:1,n,p=null!=(n=h.sdo)?n:!0,q=0,r,t=google.erd,v=t.jsr;google.ml=function(a,b,d,m,e){e=void 0===e?2:e;b&amp;&amp;(r=a&amp;&amp;a.message);if(google.dl)return google.dl(a,e,d),null;if(0&gt;v){window.console&amp;&amp;console.error(a,d);if(-2===v)throw a;b=!1}else b=!a||!a.message||"Error loading script"===a.message||q&gt;=l&amp;&amp;!m?!1:!0;if(!b)return null;q++;d=d||{};b=encodeURIComponent;var c="/gen_204?atyp=i&amp;ei="+b(google.kEI);google.kEXPI&amp;&amp;(c+="&amp;jexpid="+b(google.kEXPI));c+="&amp;srcpg="+b(google.sn)+"&amp;jsr="+b(t.jsr)+"&amp;bver="+b(t.bv);var f=a.lineNumber;void 0!==f&amp;&amp;(c+="&amp;line="+f);var g=
a.fileName;g&amp;&amp;(0&lt;g.indexOf("-extension:/")&amp;&amp;(e=3),c+="&amp;script="+b(g),f&amp;&amp;g===window.location.href&amp;&amp;(f=document.documentElement.outerHTML.split("\n")[f],c+="&amp;cad="+b(f?f.substring(0,300):"No script found.")));c+="&amp;jsel="+e;for(var u in d)c+="&amp;",c+=b(u),c+="=",c+=b(d[u]);c=c+"&amp;emsg="+b(a.name+": "+a.message);c=c+"&amp;jsst="+b(a.stack||"N/A");12288&lt;=c.length&amp;&amp;(c=c.substr(0,12288));a=c;m||google.log(0,"",a);return a};window.onerror=function(a,b,d,m,e){r!==a&amp;&amp;(a=e instanceof Error?e:Error(a),void 0===d||"lineNumber"in a||(a.lineNumber=d),void 0===b||"fileName"in a||(a.fileName=b),google.ml(a,!1,void 0,!1,"SyntaxError"===a.name||"SyntaxError"===a.message.substring(0,11)||-1!==a.message.indexOf("Script error")?3:0));r=null;p&amp;&amp;q&gt;=l&amp;&amp;(window.onerror=null)};})();(function(){var c=[],e=0;window.ping=function(b){-1==b.indexOf("&amp;zx")&amp;&amp;(b+="&amp;zx="+Date.now());var a=new Image,d=e++;c[d]=a;a.onerror=a.onload=a.onabort=function(){delete c[d]};a.src=b};}).call(this);&lt;/script&gt;&lt;style&gt;a{color:#1a0dab;text-decoration:none;tap-highlight-color:rgba(0,0,0,.10)}a:visited{color:#4b11a8}a:hover{text-decoration:underline}img{border:0}html{font-family:arial,sans-serif;font-size:14px;line-height:20px;text-size-adjust:100%;color:#3c4043;word-wrap:break-word;background-color:#fff}.bRsWnc{background-color:#fff;border-top:1px solid #dadce0;height:39px;overflow:hidden}.N6RWV{height:51px;overflow-scrolling:touch;overflow-x:auto;overflow-y:hidden}.Uv67qb{box-pack:justify;font-size:12px;line-height:37px;justify-content:space-between;justify-content:space-between}.Uv67qb a,.Uv67qb span{color:#70757a;display:block;flex:none;padding:0 16px;text-align:center;text-transform:uppercase;}span.OXXup{border-bottom:2px solid #4285f4;color:#4285f4;font-weight:bold}a.eZt8xd:visited{color:#70757a}.FElbsf{border-left:1px solid rgba(0,0,0,.12)}header article{overflow:visible}.Pg70bf{height:39px;display:box;display:flex;display:flex;width:100%}.H0PQec{position:relative;flex:1}.sbc{display:flex;width:100%}.Pg70bf input{margin:2px 4px 2px 8px;}.x{width:26px;color:#70757a;font:27px/38px arial, sans-serif;line-height:40px;}#qdClwb{flex:0 0 auto;width:39px;height:39px;border-bottom:0;padding:0;border-top-right-radius:8px;background-color:#1a73e8;border:1px solid #1a73e8;background-image:url(data:image/gif;base64,R0lGODdhJAAjAPIHAODr/nCk+MPZ/FmV96zK+/7+/5K5+kqL9iwAAAAAJAAjAEADani63P4wykmbKcQRXDscQAEMXmmeaLQVLCukzyC09AjfeK7v/MAajACLhPMVAgwjsUcEiZa8xgAYrVqv2Kx2iwsIAAABknfBBAKrTE4IcMyot8ur8datqIbQfJdnAfo2WE6BV05wXIiJigkAOw==);}.sc{font-size:16px;position:absolute;top:39px;left:0;right:0;box-shadow:0 2px 5px rgba(0,0,0,.2);z-index:2;background-color:#fff}.sc&gt;div{padding:10px 10px;padding-left:16px;padding-left:14px;border-top:1px solid #dfe1e5;}.scs{background-color:#fafafa;}.noHIxc{display:block;font-size:16px;padding:0 0 0 8px;flex:1;height:35px;outline:none;border:none;width:100%;-webkit-tap-highlight-color:rgba(0,0,0,0);overflow:hidden;}.sbc input[type=text]{background:none}.bz1lBb{background-color:#fff;border-radius:8px 8px 0 0;box-shadow:0 0 0 1px #dfe1e5;margin-top:24px;}.KP7LCb{border-radius:0 0 8px 8px;box-shadow:0px 1px 0px 1px #dfe1e5;margin-bottom:30px;overflow:hidden}html{background-color:#fff}body{margin:0 auto 0 156px;max-width:652px;min-width:652px;padding:0 8px}.cOl4Id{letter-spacing:-1px;text-align:center;font:22pt Futura, Arial, sans-serif;height:37px;font-smoothing:antialiased;padding:32px 28px 0 24px;position:absolute;left:0;top:0}.cOl4Id span{display:inline-block}.V6gwVd{color:#4285f4}.iWkuvd{color:#ea4335}.cDrQ7{color:#fcc934}.ntlR9{color:#34a853}.tJ3Myc{-webkit-transform:rotate(-20deg);position:relative;left:-1px;display:inline-block}footer{text-align:center;margin-top:18px}footer a,footer a:visited,.smiUbb{color:#70757a}.xeDNfc{margin:0 13px;white-space:nowrap}#EOlPnc{margin-top:36px}#EOlPnc&gt;div{margin:20px}.Srfpq{color:#70757a}&lt;/style&gt;&lt;/head&gt;&lt;body jsmodel="hspDDf"&gt;&lt;header id="hdr"&gt;&lt;script nonce="wO4t3rSXL4AkblJvU3N3PQ"&gt;(function(){
var k=this||self,l=function(a){var b=typeof a;return"object"==b&amp;&amp;null!=a||"function"==b},m=function(a,b){function c(){}c.prototype=b.prototype;a.j=b.prototype;a.prototype=new c;a.prototype.constructor=a;a.l=function(d,e,f){for(var g=Array(arguments.length-2),h=2;h&lt;arguments.length;h++)g[h-2]=arguments[h];return b.prototype[e].apply(d,g)}};var n=Array.prototype.indexOf?function(a,b){return Array.prototype.indexOf.call(a,b,void 0)}:function(a,b){if("string"===typeof a)return"string"!==typeof b||1!=b.length?-1:a.indexOf(b,0);for(var c=0;c&lt;a.length;c++)if(c in a&amp;&amp;a[c]===b)return c;return-1};var p=function(a){return"string"==typeof a.className?a.className:a.getAttribute&amp;&amp;a.getAttribute("class")||""},q=function(a,b){"string"==typeof a.className?a.className=b:a.setAttribute&amp;&amp;a.setAttribute("class",b)},r=function(a,b){a.classList?b=a.classList.contains(b):(a=a.classList?a.classList:p(a).match(/\S+/g)||[],b=0&lt;=n(a,b));return b},v=function(){var a=t,b=u;a.classList?a.classList.remove(b):r(a,b)&amp;&amp;q(a,Array.prototype.filter.call(a.classList?a.classList:p(a).match(/\S+/g)||[],function(c){return c!=
b}).join(" "))};function w(){var a=k.navigator;return a&amp;&amp;(a=a.userAgent)?a:""};var x=function(a){x[" "](a);return a};x[" "]=function(){};var y=-1!=w().indexOf("Gecko")&amp;&amp;!(-1!=w().toLowerCase().indexOf("webkit")&amp;&amp;-1==w().indexOf("Edge"))&amp;&amp;!(-1!=w().indexOf("Trident")||-1!=w().indexOf("MSIE"))&amp;&amp;-1==w().indexOf("Edge");var z=function(a,b){this.type=a;this.target=b};z.prototype.g=function(){};var A=function(){if(!k.addEventListener||!Object.defineProperty)return!1;var a=!1,b=Object.defineProperty({},"passive",{get:function(){a=!0}});try{k.addEventListener("test",function(){},b),k.removeEventListener("test",function(){},b)}catch(c){}return a}();var C=function(a){z.call(this,a?a.type:"");this.relatedTarget=this.target=null;this.button=this.screenY=this.screenX=this.clientY=this.clientX=0;this.key="";this.keyCode=0;this.metaKey=this.shiftKey=this.altKey=this.ctrlKey=!1;this.state=null;this.pointerId=0;this.pointerType="";this.h=null;if(a){var b=this.type=a.type,c=a.changedTouches&amp;&amp;a.changedTouches.length?a.changedTouches[0]:null;this.target=a.target||a.srcElement;var d=a.relatedTarget;if(d){if(y){a:{try{x(d.nodeName);var e=!0;break a}catch(f){}e=
!1}e||(d=null)}}else"mouseover"==b?d=a.fromElement:"mouseout"==b&amp;&amp;(d=a.toElement);this.relatedTarget=d;c?(this.clientX=void 0!==c.clientX?c.clientX:c.pageX,this.clientY=void 0!==c.clientY?c.clientY:c.pageY,this.screenX=c.screenX||0,this.screenY=c.screenY||0):(this.clientX=void 0!==a.clientX?a.clientX:a.pageX,this.clientY=void 0!==a.clientY?a.clientY:a.pageY,this.screenX=a.screenX||0,this.screenY=a.screenY||0);this.button=a.button;this.keyCode=a.keyCode||0;this.key=a.key||"";this.ctrlKey=a.ctrlKey;this.altKey=a.altKey;this.shiftKey=a.shiftKey;this.metaKey=a.metaKey;this.pointerId=a.pointerId||0;this.pointerType="string"===typeof a.pointerType?a.pointerType:B[a.pointerType]||"";this.state=a.state;this.h=a;a.defaultPrevented&amp;&amp;C.j.g.call(this)}};m(C,z);var B={2:"touch",3:"pen",4:"mouse"};C.prototype.g=function(){C.j.g.call(this);var a=this.h;a.preventDefault?a.preventDefault():a.returnValue=!1};var D="closure_listenable_"+(1E6*Math.random()|0);var E=0;var F=function(a,b,c,d,e){this.listener=a;this.proxy=null;this.src=b;this.type=c;this.capture=!!d;this.h=e;this.key=++E;this.g=this.i=!1},G=function(a){a.g=!0;a.listener=null;a.proxy=null;a.src=null;a.h=null};var H=function(a){this.src=a;this.g={};this.h=0};H.prototype.add=function(a,b,c,d,e){var f=a.toString();a=this.g[f];a||(a=this.g[f]=[],this.h++);var g;a:{for(g=0;g&lt;a.length;++g){var h=a[g];if(!h.g&amp;&amp;h.listener==b&amp;&amp;h.capture==!!d&amp;&amp;h.h==e)break a}g=-1}-1&lt;g?(b=a[g],c||(b.i=!1)):(b=new F(b,this.src,f,!!d,e),b.i=c,a.push(b));return b};var I="closure_lm_"+(1E6*Math.random()|0),J={},K=0,M=function(a,b,c,d,e){if(d&amp;&amp;d.once)return L(a,b,c,d,e);if(Array.isArray(b)){for(var f=0;f&lt;b.length;f++)M(a,b[f],c,d,e);return null}c=N(c);return a&amp;&amp;a[D]?a.g(b,c,l(d)?!!d.capture:!!d,e):O(a,b,c,!1,d,e)},O=function(a,b,c,d,e,f){if(!b)throw Error("a");var g=l(e)?!!e.capture:!... (set the log level to DEBUG or TRACE to see the full content) 
 </msg>
<msg timestamp="20230105 22:47:02.632" level="INFO">${response} = &lt;Response [200]&gt;</msg>
<status status="PASS" starttime="20230105 22:47:01.673" endtime="20230105 22:47:02.632"/>
</kw>
<status status="PASS" starttime="20230105 22:47:01.673" endtime="20230105 22:47:02.632"/>
</test>
<status status="PASS" starttime="20230105 22:47:01.386" endtime="20230105 22:47:02.632"/>
</suite>
<statistics>
<total>
<stat pass="2" fail="0" skip="0">All Tests</stat>
</total>
<tag>
</tag>
<suite>
<stat pass="2" fail="0" skip="0" id="s1" name="First Test">First Test</stat>
</suite>
</statistics>
<errors>
</errors>
</robot>
