<?xml version="1.0" encoding="UTF-8"?>
<robot generator="Robot 6.0.1 (Python 3.9.5 on darwin)" generated="20230108 14:11:41.818" rpa="false" schemaversion="3">
<suite id="s1" name="Resource" source="/Users/dslab/PycharmProjects/AutoTesting/Robot Framework/test_with_appiumlibrary/test_login/resource.robot">
<test id="s1-t1" name="Open Android Test App" line="13">
<kw name="Open Application" library="AppiumLibrary">
<arg>http://localhost:4723/wd/hub</arg>
<arg>deviceName=${DEVICE_NAME}</arg>
<arg>app=${ANDROID_APP}</arg>
<arg>platformName=${ANDROID_PLATFORM_NAME}</arg>
<arg>platformVersion=${ANDROID_PLATFORM_VERSION}</arg>
<doc>Opens a new application to given Appium server.
Capabilities of appium server, Android and iOS,
Please check https://github.com/appium/appium/blob/master/docs/en/writing-running-appium/server-args.md
| *Option*            | *Man.* | *Description*     |
| remote_url          | Yes    | Appium server url |
| alias               | no     | alias             |
| strict_ssl          | No     | allows you to send commands to an invalid certificate host like a self-signed one. |</doc>
<kw name="Capture Page Screenshot" library="AppiumLibrary">
<doc>Takes a screenshot of the current page and embeds it into the log.</doc>
<msg timestamp="20230108 14:11:41.945" level="FAIL">No application is open</msg>
<status status="FAIL" starttime="20230108 14:11:41.944" endtime="20230108 14:11:41.946"/>
</kw>
<msg timestamp="20230108 14:11:41.947" level="WARN">Keyword 'Capture Page Screenshot' could not be run on failure: No application is open</msg>
<msg timestamp="20230108 14:11:41.947" level="FAIL">WebDriverException: Message: An unknown server-side error occurred while processing the command. Original error: Neither ANDROID_HOME nor ANDROID_SDK_ROOT environment variable was exported. Read https://developer.android.com/studio/command-line/variables for more details
Stacktrace:
UnknownError: An unknown server-side error occurred while processing the command. Original error: Neither ANDROID_HOME nor ANDROID_SDK_ROOT environment variable was exported. Read https://developer.android.com/studio/command-line/variables for more details
    at getResponseForW3CError (/usr/local/lib/node_modules/appium/node_modules/appium-base-driver/lib/protocol/errors.js:804:9)
    at asyncHandler (/usr/local/lib/node_modules/appium/node_modules/appium-base-driver/lib/protocol/protocol.js:380:37)</msg>
<status status="FAIL" starttime="20230108 14:11:41.931" endtime="20230108 14:11:41.947"/>
</kw>
<status status="FAIL" starttime="20230108 14:11:41.931" endtime="20230108 14:11:41.948">WebDriverException: Message: An unknown server-side error occurred while processing the command. Original error: Neither ANDROID_HOME nor ANDROID_SDK_ROOT environment variable was exported. Read https://developer.android.com/studio/command-line/variables for more details
Stacktrace:
UnknownError: An unknown server-side error occurred while processing the command. Original error: Neither ANDROID_HOME nor ANDROID_SDK_ROOT environment variable was exported. Read https://developer.android.com/studio/command-line/variables for more details
    at getResponseForW3CError (/usr/local/lib/node_modules/appium/node_modules/appium-base-driver/lib/protocol/errors.js:804:9)
    at asyncHandler (/usr/local/lib/node_modules/appium/node_modules/appium-base-driver/lib/protocol/protocol.js:380:37)</status>
</test>
<status status="FAIL" starttime="20230108 14:11:41.819" endtime="20230108 14:11:41.948"/>
</suite>
<statistics>
<total>
<stat pass="0" fail="1" skip="0">All Tests</stat>
</total>
<tag>
</tag>
<suite>
<stat pass="0" fail="1" skip="0" id="s1" name="Resource">Resource</stat>
</suite>
</statistics>
<errors>
<msg timestamp="20230108 14:11:41.947" level="WARN">Keyword 'Capture Page Screenshot' could not be run on failure: No application is open</msg>
</errors>
</robot>
